2022-08-22T15:23:19.390+0530 [DEBUG] [org.gradle.launcher.daemon.bootstrap.DaemonMain] Assuming the daemon was started with following jvm opts: [--add-opens, java.base/java.util=ALL-UNNAMED, --add-opens, java.base/java.lang=ALL-UNNAMED, --add-opens, java.base/java.lang.invoke=ALL-UNNAMED, --add-opens, java.base/java.util=ALL-UNNAMED, --add-opens, java.prefs/java.util.prefs=ALL-UNNAMED, --add-opens, java.prefs/java.util.prefs=ALL-UNNAMED, --add-opens, java.base/java.nio.charset=ALL-UNNAMED, --add-opens, java.base/java.net=ALL-UNNAMED, --add-opens, java.base/java.util.concurrent.atomic=ALL-UNNAMED, -Xmx2048m, -Dfile.encoding=UTF-8, -Duser.country=IN, -Duser.language=en, -Duser.variant]
2022-08-22T15:23:19.524+0530 [DEBUG] [org.gradle.internal.nativeintegration.services.NativeServices] Native-platform posix files integration is not available. Continuing with fallback.
2022-08-22T15:23:19.539+0530 [INFO] [org.gradle.launcher.daemon.server.Daemon] start() called on daemon - DefaultDaemonContext[uid=e791d2b1-de2c-4912-9272-80a62fdf9493,javaHome=C:\Program Files\Android\Android Studio\jre,daemonRegistryDir=D:\BML Education\Chit-Fund-Management-App\daemon,pid=4408,idleTimeout=10800000,priority=NORMAL,daemonOpts=--add-opens,java.base/java.util=ALL-UNNAMED,--add-opens,java.base/java.lang=ALL-UNNAMED,--add-opens,java.base/java.lang.invoke=ALL-UNNAMED,--add-opens,java.base/java.util=ALL-UNNAMED,--add-opens,java.prefs/java.util.prefs=ALL-UNNAMED,--add-opens,java.prefs/java.util.prefs=ALL-UNNAMED,--add-opens,java.base/java.nio.charset=ALL-UNNAMED,--add-opens,java.base/java.net=ALL-UNNAMED,--add-opens,java.base/java.util.concurrent.atomic=ALL-UNNAMED,-Xmx2048m,-Dfile.encoding=UTF-8,-Duser.country=IN,-Duser.language=en,-Duser.variant]
2022-08-22T15:23:20.155+0530 [DEBUG] [org.gradle.internal.remote.internal.inet.InetAddresses] Adding IP addresses for network interface Software Loopback Interface 1
2022-08-22T15:23:20.158+0530 [DEBUG] [org.gradle.internal.remote.internal.inet.InetAddresses] Is this a loopback interface? true
2022-08-22T15:23:20.159+0530 [DEBUG] [org.gradle.internal.remote.internal.inet.InetAddresses] Adding loopback address /127.0.0.1
2022-08-22T15:23:20.159+0530 [DEBUG] [org.gradle.internal.remote.internal.inet.InetAddresses] Adding loopback address /0:0:0:0:0:0:0:1
2022-08-22T15:23:20.160+0530 [DEBUG] [org.gradle.internal.remote.internal.inet.InetAddresses] Adding IP addresses for network interface WAN Miniport (IPv6)
2022-08-22T15:23:20.164+0530 [DEBUG] [org.gradle.internal.remote.internal.inet.InetAddresses] Is this a loopback interface? false
2022-08-22T15:23:20.164+0530 [DEBUG] [org.gradle.internal.remote.internal.inet.InetAddresses] Adding IP addresses for network interface Microsoft 6to4 Adapter
2022-08-22T15:23:20.168+0530 [DEBUG] [org.gradle.internal.remote.internal.inet.InetAddresses] Is this a loopback interface? false
2022-08-22T15:23:20.168+0530 [DEBUG] [org.gradle.internal.remote.internal.inet.InetAddresses] Adding IP addresses for network interface Microsoft Wi-Fi Direct Virtual Adapter #3-VirtualBox NDIS Light-Weight Filter-0000
2022-08-22T15:23:20.172+0530 [DEBUG] [org.gradle.internal.remote.internal.inet.InetAddresses] Is this a loopback interface? false
2022-08-22T15:23:20.173+0530 [DEBUG] [org.gradle.internal.remote.internal.inet.InetAddresses] Adding IP addresses for network interface VirtualBox Host-Only Ethernet Adapter
2022-08-22T15:23:20.177+0530 [DEBUG] [org.gradle.internal.remote.internal.inet.InetAddresses] Is this a loopback interface? false
2022-08-22T15:23:20.177+0530 [DEBUG] [org.gradle.internal.remote.internal.inet.InetAddresses] Adding IP addresses for network interface Bluetooth Device (Personal Area Network)
2022-08-22T15:23:20.181+0530 [DEBUG] [org.gradle.internal.remote.internal.inet.InetAddresses] Is this a loopback interface? false
2022-08-22T15:23:20.181+0530 [DEBUG] [org.gradle.internal.remote.internal.inet.InetAddresses] Adding remote address /fe80:0:0:0:81b2:8e5:367b:505c%eth2
2022-08-22T15:23:20.182+0530 [DEBUG] [org.gradle.internal.remote.internal.inet.InetAddresses] Adding IP addresses for network interface Microsoft IP-HTTPS Platform Adapter
2022-08-22T15:23:20.185+0530 [DEBUG] [org.gradle.internal.remote.internal.inet.InetAddresses] Is this a loopback interface? false
2022-08-22T15:23:20.186+0530 [DEBUG] [org.gradle.internal.remote.internal.inet.InetAddresses] Adding IP addresses for network interface WAN Miniport (L2TP)
2022-08-22T15:23:20.189+0530 [DEBUG] [org.gradle.internal.remote.internal.inet.InetAddresses] Is this a loopback interface? false
2022-08-22T15:23:20.190+0530 [DEBUG] [org.gradle.internal.remote.internal.inet.InetAddresses] Adding IP addresses for network interface VirtualBox Host-Only Ethernet Adapter
2022-08-22T15:23:20.194+0530 [DEBUG] [org.gradle.internal.remote.internal.inet.InetAddresses] Is this a loopback interface? false
2022-08-22T15:23:20.194+0530 [DEBUG] [org.gradle.internal.remote.internal.inet.InetAddresses] Adding IP addresses for network interface WAN Miniport (Network Monitor)
2022-08-22T15:23:20.198+0530 [DEBUG] [org.gradle.internal.remote.internal.inet.InetAddresses] Is this a loopback interface? false
2022-08-22T15:23:20.198+0530 [DEBUG] [org.gradle.internal.remote.internal.inet.InetAddresses] Adding IP addresses for network interface WAN Miniport (IKEv2)
2022-08-22T15:23:20.202+0530 [DEBUG] [org.gradle.internal.remote.internal.inet.InetAddresses] Is this a loopback interface? false
2022-08-22T15:23:20.202+0530 [DEBUG] [org.gradle.internal.remote.internal.inet.InetAddresses] Adding IP addresses for network interface WAN Miniport (PPTP)
2022-08-22T15:23:20.206+0530 [DEBUG] [org.gradle.internal.remote.internal.inet.InetAddresses] Is this a loopback interface? false
2022-08-22T15:23:20.206+0530 [DEBUG] [org.gradle.internal.remote.internal.inet.InetAddresses] Adding IP addresses for network interface RAS Async Adapter
2022-08-22T15:23:20.210+0530 [DEBUG] [org.gradle.internal.remote.internal.inet.InetAddresses] Is this a loopback interface? false
2022-08-22T15:23:20.211+0530 [DEBUG] [org.gradle.internal.remote.internal.inet.InetAddresses] Adding IP addresses for network interface Microsoft Wi-Fi Direct Virtual Adapter #4
2022-08-22T15:23:20.215+0530 [DEBUG] [org.gradle.internal.remote.internal.inet.InetAddresses] Is this a loopback interface? false
2022-08-22T15:23:20.215+0530 [DEBUG] [org.gradle.internal.remote.internal.inet.InetAddresses] Adding remote address /fe80:0:0:0:40bb:7eeb:b2b7:9905%wlan1
2022-08-22T15:23:20.216+0530 [DEBUG] [org.gradle.internal.remote.internal.inet.InetAddresses] Adding IP addresses for network interface Microsoft Teredo Tunneling Adapter
2022-08-22T15:23:20.219+0530 [DEBUG] [org.gradle.internal.remote.internal.inet.InetAddresses] Is this a loopback interface? false
2022-08-22T15:23:20.220+0530 [DEBUG] [org.gradle.internal.remote.internal.inet.InetAddresses] Adding remote address /2001:0:2851:fcb0:2461:3a9c:8a10:1d36
2022-08-22T15:23:20.220+0530 [DEBUG] [org.gradle.internal.remote.internal.inet.InetAddresses] Adding remote address /fe80:0:0:0:2461:3a9c:8a10:1d36%net5
2022-08-22T15:23:20.220+0530 [DEBUG] [org.gradle.internal.remote.internal.inet.InetAddresses] Adding IP addresses for network interface WAN Miniport (PPPOE)
2022-08-22T15:23:20.224+0530 [DEBUG] [org.gradle.internal.remote.internal.inet.InetAddresses] Is this a loopback interface? false
2022-08-22T15:23:20.224+0530 [DEBUG] [org.gradle.internal.remote.internal.inet.InetAddresses] Adding IP addresses for network interface Microsoft Wi-Fi Direct Virtual Adapter #3
2022-08-22T15:23:20.228+0530 [DEBUG] [org.gradle.internal.remote.internal.inet.InetAddresses] Is this a loopback interface? false
2022-08-22T15:23:20.228+0530 [DEBUG] [org.gradle.internal.remote.internal.inet.InetAddresses] Adding remote address /fe80:0:0:0:4d3c:7b08:b914:2927%wlan2
2022-08-22T15:23:20.229+0530 [DEBUG] [org.gradle.internal.remote.internal.inet.InetAddresses] Adding IP addresses for network interface Microsoft Kernel Debug Network Adapter
2022-08-22T15:23:20.232+0530 [DEBUG] [org.gradle.internal.remote.internal.inet.InetAddresses] Is this a loopback interface? false
2022-08-22T15:23:20.232+0530 [DEBUG] [org.gradle.internal.remote.internal.inet.InetAddresses] Adding IP addresses for network interface Microsoft Wi-Fi Direct Virtual Adapter #2
2022-08-22T15:23:20.236+0530 [DEBUG] [org.gradle.internal.remote.internal.inet.InetAddresses] Is this a loopback interface? false
2022-08-22T15:23:20.236+0530 [DEBUG] [org.gradle.internal.remote.internal.inet.InetAddresses] Adding IP addresses for network interface WAN Miniport (SSTP)
2022-08-22T15:23:20.240+0530 [DEBUG] [org.gradle.internal.remote.internal.inet.InetAddresses] Is this a loopback interface? false
2022-08-22T15:23:20.240+0530 [DEBUG] [org.gradle.internal.remote.internal.inet.InetAddresses] Adding IP addresses for network interface Microsoft Wi-Fi Direct Virtual Adapter
2022-08-22T15:23:20.244+0530 [DEBUG] [org.gradle.internal.remote.internal.inet.InetAddresses] Is this a loopback interface? false
2022-08-22T15:23:20.244+0530 [DEBUG] [org.gradle.internal.remote.internal.inet.InetAddresses] Adding IP addresses for network interface Killer(R) Wi-Fi 6 AX1650i 160MHz Wireless Network Adapter (201NGW)-WFP Native MAC Layer LightWeight Filter-0000
2022-08-22T15:23:20.248+0530 [DEBUG] [org.gradle.internal.remote.internal.inet.InetAddresses] Is this a loopback interface? false
2022-08-22T15:23:20.248+0530 [DEBUG] [org.gradle.internal.remote.internal.inet.InetAddresses] Adding IP addresses for network interface Killer E2600 Gigabit Ethernet Controller
2022-08-22T15:23:20.251+0530 [DEBUG] [org.gradle.internal.remote.internal.inet.InetAddresses] Is this a loopback interface? false
2022-08-22T15:23:20.252+0530 [DEBUG] [org.gradle.internal.remote.internal.inet.InetAddresses] Adding remote address /fe80:0:0:0:bd02:504b:47f0:f6f5%eth6
2022-08-22T15:23:20.252+0530 [DEBUG] [org.gradle.internal.remote.internal.inet.InetAddresses] Adding IP addresses for network interface WAN Miniport (IP)
2022-08-22T15:23:20.255+0530 [DEBUG] [org.gradle.internal.remote.internal.inet.InetAddresses] Is this a loopback interface? false
2022-08-22T15:23:20.256+0530 [DEBUG] [org.gradle.internal.remote.internal.inet.InetAddresses] Adding IP addresses for network interface Killer(R) Wi-Fi 6 AX1650i 160MHz Wireless Network Adapter (201NGW)
2022-08-22T15:23:20.259+0530 [DEBUG] [org.gradle.internal.remote.internal.inet.InetAddresses] Is this a loopback interface? false
2022-08-22T15:23:20.260+0530 [DEBUG] [org.gradle.internal.remote.internal.inet.InetAddresses] Adding remote address /10.7.8.175
2022-08-22T15:23:20.260+0530 [DEBUG] [org.gradle.internal.remote.internal.inet.InetAddresses] Adding remote address /fe80:0:0:0:a0ef:2cb7:763c:9868%wlan6
2022-08-22T15:23:20.260+0530 [DEBUG] [org.gradle.internal.remote.internal.inet.InetAddresses] Adding IP addresses for network interface Microsoft Wi-Fi Direct Virtual Adapter #3-WFP 802.3 MAC Layer LightWeight Filter-0000
2022-08-22T15:23:20.264+0530 [DEBUG] [org.gradle.internal.remote.internal.inet.InetAddresses] Is this a loopback interface? false
2022-08-22T15:23:20.264+0530 [DEBUG] [org.gradle.internal.remote.internal.inet.InetAddresses] Adding IP addresses for network interface Microsoft Wi-Fi Direct Virtual Adapter #4-WFP Native MAC Layer LightWeight Filter-0000
2022-08-22T15:23:20.267+0530 [DEBUG] [org.gradle.internal.remote.internal.inet.InetAddresses] Is this a loopback interface? false
2022-08-22T15:23:20.268+0530 [DEBUG] [org.gradle.internal.remote.internal.inet.InetAddresses] Adding IP addresses for network interface Microsoft Wi-Fi Direct Virtual Adapter #4-Native WiFi Filter Driver-0000
2022-08-22T15:23:20.271+0530 [DEBUG] [org.gradle.internal.remote.internal.inet.InetAddresses] Is this a loopback interface? false
2022-08-22T15:23:20.271+0530 [DEBUG] [org.gradle.internal.remote.internal.inet.InetAddresses] Adding IP addresses for network interface Killer(R) Wi-Fi 6 AX1650i 160MHz Wireless Network Adapter (201NGW)-Virtual WiFi Filter Driver-0000
2022-08-22T15:23:20.275+0530 [DEBUG] [org.gradle.internal.remote.internal.inet.InetAddresses] Is this a loopback interface? false
2022-08-22T15:23:20.275+0530 [DEBUG] [org.gradle.internal.remote.internal.inet.InetAddresses] Adding IP addresses for network interface Killer E2600 Gigabit Ethernet Controller-WFP Native MAC Layer LightWeight Filter-0000
2022-08-22T15:23:20.278+0530 [DEBUG] [org.gradle.internal.remote.internal.inet.InetAddresses] Is this a loopback interface? false
2022-08-22T15:23:20.279+0530 [DEBUG] [org.gradle.internal.remote.internal.inet.InetAddresses] Adding IP addresses for network interface Killer E2600 Gigabit Ethernet Controller-VirtualBox NDIS Light-Weight Filter-0000
2022-08-22T15:23:20.282+0530 [DEBUG] [org.gradle.internal.remote.internal.inet.InetAddresses] Is this a loopback interface? false
2022-08-22T15:23:20.282+0530 [DEBUG] [org.gradle.internal.remote.internal.inet.InetAddresses] Adding IP addresses for network interface Killer E2600 Gigabit Ethernet Controller-WFP 802.3 MAC Layer LightWeight Filter-0000
2022-08-22T15:23:20.286+0530 [DEBUG] [org.gradle.internal.remote.internal.inet.InetAddresses] Is this a loopback interface? false
2022-08-22T15:23:20.286+0530 [DEBUG] [org.gradle.internal.remote.internal.inet.InetAddresses] Adding IP addresses for network interface Killer(R) Wi-Fi 6 AX1650i 160MHz Wireless Network Adapter (201NGW)-Native WiFi Filter Driver-0000
2022-08-22T15:23:20.290+0530 [DEBUG] [org.gradle.internal.remote.internal.inet.InetAddresses] Is this a loopback interface? false
2022-08-22T15:23:20.290+0530 [DEBUG] [org.gradle.internal.remote.internal.inet.InetAddresses] Adding IP addresses for network interface Killer(R) Wi-Fi 6 AX1650i 160MHz Wireless Network Adapter (201NGW)-VirtualBox NDIS Light-Weight Filter-0000
2022-08-22T15:23:20.294+0530 [DEBUG] [org.gradle.internal.remote.internal.inet.InetAddresses] Is this a loopback interface? false
2022-08-22T15:23:20.294+0530 [DEBUG] [org.gradle.internal.remote.internal.inet.InetAddresses] Adding IP addresses for network interface Killer(R) Wi-Fi 6 AX1650i 160MHz Wireless Network Adapter (201NGW)-WFP 802.3 MAC Layer LightWeight Filter-0000
2022-08-22T15:23:20.298+0530 [DEBUG] [org.gradle.internal.remote.internal.inet.InetAddresses] Is this a loopback interface? false
2022-08-22T15:23:20.298+0530 [DEBUG] [org.gradle.internal.remote.internal.inet.InetAddresses] Adding IP addresses for network interface WAN Miniport (IP)-WFP Native MAC Layer LightWeight Filter-0000
2022-08-22T15:23:20.301+0530 [DEBUG] [org.gradle.internal.remote.internal.inet.InetAddresses] Is this a loopback interface? false
2022-08-22T15:23:20.302+0530 [DEBUG] [org.gradle.internal.remote.internal.inet.InetAddresses] Adding IP addresses for network interface WAN Miniport (IP)-QoS Packet Scheduler-0000
2022-08-22T15:23:20.305+0530 [DEBUG] [org.gradle.internal.remote.internal.inet.InetAddresses] Is this a loopback interface? false
2022-08-22T15:23:20.305+0530 [DEBUG] [org.gradle.internal.remote.internal.inet.InetAddresses] Adding IP addresses for network interface WAN Miniport (IPv6)-WFP Native MAC Layer LightWeight Filter-0000
2022-08-22T15:23:20.308+0530 [DEBUG] [org.gradle.internal.remote.internal.inet.InetAddresses] Is this a loopback interface? false
2022-08-22T15:23:20.308+0530 [DEBUG] [org.gradle.internal.remote.internal.inet.InetAddresses] Adding IP addresses for network interface WAN Miniport (IPv6)-QoS Packet Scheduler-0000
2022-08-22T15:23:20.310+0530 [DEBUG] [org.gradle.internal.remote.internal.inet.InetAddresses] Is this a loopback interface? false
2022-08-22T15:23:20.310+0530 [DEBUG] [org.gradle.internal.remote.internal.inet.InetAddresses] Adding IP addresses for network interface Microsoft Wi-Fi Direct Virtual Adapter #3-WFP Native MAC Layer LightWeight Filter-0000
2022-08-22T15:23:20.313+0530 [DEBUG] [org.gradle.internal.remote.internal.inet.InetAddresses] Is this a loopback interface? false
2022-08-22T15:23:20.313+0530 [DEBUG] [org.gradle.internal.remote.internal.inet.InetAddresses] Adding IP addresses for network interface Microsoft Wi-Fi Direct Virtual Adapter #3-Native WiFi Filter Driver-0000
2022-08-22T15:23:20.315+0530 [DEBUG] [org.gradle.internal.remote.internal.inet.InetAddresses] Is this a loopback interface? false
2022-08-22T15:23:20.316+0530 [DEBUG] [org.gradle.internal.remote.internal.inet.InetAddresses] Adding IP addresses for network interface WAN Miniport (Network Monitor)-WFP Native MAC Layer LightWeight Filter-0000
2022-08-22T15:23:20.318+0530 [DEBUG] [org.gradle.internal.remote.internal.inet.InetAddresses] Is this a loopback interface? false
2022-08-22T15:23:20.318+0530 [DEBUG] [org.gradle.internal.remote.internal.inet.InetAddresses] Adding IP addresses for network interface WAN Miniport (Network Monitor)-QoS Packet Scheduler-0000
2022-08-22T15:23:20.321+0530 [DEBUG] [org.gradle.internal.remote.internal.inet.InetAddresses] Is this a loopback interface? false
2022-08-22T15:23:20.321+0530 [DEBUG] [org.gradle.internal.remote.internal.inet.InetAddresses] Adding IP addresses for network interface Microsoft Wi-Fi Direct Virtual Adapter #4-VirtualBox NDIS Light-Weight Filter-0000
2022-08-22T15:23:20.323+0530 [DEBUG] [org.gradle.internal.remote.internal.inet.InetAddresses] Is this a loopback interface? false
2022-08-22T15:23:20.323+0530 [DEBUG] [org.gradle.internal.remote.internal.inet.InetAddresses] Adding IP addresses for network interface Microsoft Wi-Fi Direct Virtual Adapter #4-WFP 802.3 MAC Layer LightWeight Filter-0000
2022-08-22T15:23:20.326+0530 [DEBUG] [org.gradle.internal.remote.internal.inet.InetAddresses] Is this a loopback interface? false
2022-08-22T15:23:20.326+0530 [DEBUG] [org.gradle.internal.remote.internal.inet.InetAddresses] Adding IP addresses for network interface Hyper-V Virtual Switch Extension Adapter
2022-08-22T15:23:20.328+0530 [DEBUG] [org.gradle.internal.remote.internal.inet.InetAddresses] Is this a loopback interface? false
2022-08-22T15:23:20.328+0530 [DEBUG] [org.gradle.internal.remote.internal.inet.InetAddresses] Adding IP addresses for network interface Hyper-V Virtual Switch Extension Adapter-Hyper-V Virtual Switch Extension Filter-0000
2022-08-22T15:23:20.331+0530 [DEBUG] [org.gradle.internal.remote.internal.inet.InetAddresses] Is this a loopback interface? false
2022-08-22T15:23:20.331+0530 [DEBUG] [org.gradle.internal.remote.internal.inet.InetAddresses] Adding IP addresses for network interface Hyper-V Virtual Ethernet Adapter
2022-08-22T15:23:20.333+0530 [DEBUG] [org.gradle.internal.remote.internal.inet.InetAddresses] Is this a loopback interface? false
2022-08-22T15:23:20.333+0530 [DEBUG] [org.gradle.internal.remote.internal.inet.InetAddresses] Adding remote address /172.19.112.1
2022-08-22T15:23:20.333+0530 [DEBUG] [org.gradle.internal.remote.internal.inet.InetAddresses] Adding remote address /fe80:0:0:0:41ff:9658:2e:3a38%eth19
2022-08-22T15:23:20.333+0530 [DEBUG] [org.gradle.internal.remote.internal.inet.InetAddresses] Adding IP addresses for network interface Hyper-V Virtual Ethernet Adapter-WFP Native MAC Layer LightWeight Filter-0000
2022-08-22T15:23:20.336+0530 [DEBUG] [org.gradle.internal.remote.internal.inet.InetAddresses] Is this a loopback interface? false
2022-08-22T15:23:20.336+0530 [DEBUG] [org.gradle.internal.remote.internal.inet.InetAddresses] Adding IP addresses for network interface Hyper-V Virtual Ethernet Adapter-VirtualBox NDIS Light-Weight Filter-0000
2022-08-22T15:23:20.338+0530 [DEBUG] [org.gradle.internal.remote.internal.inet.InetAddresses] Is this a loopback interface? false
2022-08-22T15:23:20.339+0530 [DEBUG] [org.gradle.internal.remote.internal.inet.InetAddresses] Adding IP addresses for network interface Hyper-V Virtual Ethernet Adapter-WFP 802.3 MAC Layer LightWeight Filter-0000
2022-08-22T15:23:20.341+0530 [DEBUG] [org.gradle.internal.remote.internal.inet.InetAddresses] Is this a loopback interface? false
2022-08-22T15:23:20.341+0530 [DEBUG] [org.gradle.internal.remote.internal.inet.InetAddresses] Adding IP addresses for network interface VirtualBox Host-Only Ethernet Adapter
2022-08-22T15:23:20.343+0530 [DEBUG] [org.gradle.internal.remote.internal.inet.InetAddresses] Is this a loopback interface? false
2022-08-22T15:23:20.344+0530 [DEBUG] [org.gradle.internal.remote.internal.inet.InetAddresses] Adding remote address /192.168.56.1
2022-08-22T15:23:20.344+0530 [DEBUG] [org.gradle.internal.remote.internal.inet.InetAddresses] Adding remote address /fe80:0:0:0:9a2:67ec:63c7:eaf0%eth23
2022-08-22T15:23:20.344+0530 [DEBUG] [org.gradle.internal.remote.internal.inet.InetAddresses] Adding IP addresses for network interface VirtualBox Host-Only Ethernet Adapter #2-WFP Native MAC Layer LightWeight Filter-0000
2022-08-22T15:23:20.346+0530 [DEBUG] [org.gradle.internal.remote.internal.inet.InetAddresses] Is this a loopback interface? false
2022-08-22T15:23:20.346+0530 [DEBUG] [org.gradle.internal.remote.internal.inet.InetAddresses] Adding IP addresses for network interface VirtualBox Host-Only Ethernet Adapter #2-QoS Packet Scheduler-0000
2022-08-22T15:23:20.349+0530 [DEBUG] [org.gradle.internal.remote.internal.inet.InetAddresses] Is this a loopback interface? false
2022-08-22T15:23:20.349+0530 [DEBUG] [org.gradle.internal.remote.internal.inet.InetAddresses] Adding IP addresses for network interface VirtualBox Host-Only Ethernet Adapter #2-WFP 802.3 MAC Layer LightWeight Filter-0000
2022-08-22T15:23:20.352+0530 [DEBUG] [org.gradle.internal.remote.internal.inet.InetAddresses] Is this a loopback interface? false
2022-08-22T15:23:20.352+0530 [DEBUG] [org.gradle.internal.remote.internal.inet.InetAddresses] Adding IP addresses for network interface Microsoft Wi-Fi Direct Virtual Adapter #4-QoS Packet Scheduler-0000
2022-08-22T15:23:20.355+0530 [DEBUG] [org.gradle.internal.remote.internal.inet.InetAddresses] Is this a loopback interface? false
2022-08-22T15:23:20.355+0530 [DEBUG] [org.gradle.internal.remote.internal.inet.InetAddresses] Adding IP addresses for network interface Microsoft Wi-Fi Direct Virtual Adapter #3-QoS Packet Scheduler-0000
2022-08-22T15:23:20.358+0530 [DEBUG] [org.gradle.internal.remote.internal.inet.InetAddresses] Is this a loopback interface? false
2022-08-22T15:23:20.359+0530 [DEBUG] [org.gradle.internal.remote.internal.inet.InetAddresses] Adding IP addresses for network interface Hyper-V Virtual Ethernet Adapter-QoS Packet Scheduler-0000
2022-08-22T15:23:20.362+0530 [DEBUG] [org.gradle.internal.remote.internal.inet.InetAddresses] Is this a loopback interface? false
2022-08-22T15:23:20.362+0530 [DEBUG] [org.gradle.internal.remote.internal.inet.InetAddresses] Adding IP addresses for network interface Killer E2600 Gigabit Ethernet Controller-QoS Packet Scheduler-0000
2022-08-22T15:23:20.366+0530 [DEBUG] [org.gradle.internal.remote.internal.inet.InetAddresses] Is this a loopback interface? false
2022-08-22T15:23:20.366+0530 [DEBUG] [org.gradle.internal.remote.internal.inet.InetAddresses] Adding IP addresses for network interface Killer(R) Wi-Fi 6 AX1650i 160MHz Wireless Network Adapter (201NGW)-QoS Packet Scheduler-0000
2022-08-22T15:23:20.369+0530 [DEBUG] [org.gradle.internal.remote.internal.inet.InetAddresses] Is this a loopback interface? false
2022-08-22T15:23:20.372+0530 [DEBUG] [org.gradle.internal.remote.internal.inet.TcpIncomingConnector] Listening on [6930bce4-7bf3-42b7-80e7-f1073ef8c67d port:60337, addresses:[localhost/127.0.0.1]].
2022-08-22T15:23:20.377+0530 [DEBUG] [org.gradle.launcher.daemon.server.Daemon] Daemon starting at: Mon Aug 22 15:23:20 IST 2022, with address: [6930bce4-7bf3-42b7-80e7-f1073ef8c67d port:60337, addresses:[localhost/127.0.0.1]]
2022-08-22T15:23:20.377+0530 [INFO] [org.gradle.launcher.daemon.server.DaemonRegistryUpdater] Advertising the daemon address to the clients: [6930bce4-7bf3-42b7-80e7-f1073ef8c67d port:60337, addresses:[localhost/127.0.0.1]]
2022-08-22T15:23:20.378+0530 [DEBUG] [org.gradle.launcher.daemon.server.DaemonRegistryUpdater] Advertised daemon context: DefaultDaemonContext[uid=e791d2b1-de2c-4912-9272-80a62fdf9493,javaHome=C:\Program Files\Android\Android Studio\jre,daemonRegistryDir=D:\BML Education\Chit-Fund-Management-App\daemon,pid=4408,idleTimeout=10800000,priority=NORMAL,daemonOpts=--add-opens,java.base/java.util=ALL-UNNAMED,--add-opens,java.base/java.lang=ALL-UNNAMED,--add-opens,java.base/java.lang.invoke=ALL-UNNAMED,--add-opens,java.base/java.util=ALL-UNNAMED,--add-opens,java.prefs/java.util.prefs=ALL-UNNAMED,--add-opens,java.prefs/java.util.prefs=ALL-UNNAMED,--add-opens,java.base/java.nio.charset=ALL-UNNAMED,--add-opens,java.base/java.net=ALL-UNNAMED,--add-opens,java.base/java.util.concurrent.atomic=ALL-UNNAMED,-Xmx2048m,-Dfile.encoding=UTF-8,-Duser.country=IN,-Duser.language=en,-Duser.variant]
2022-08-22T15:23:20.378+0530 [DEBUG] [org.gradle.launcher.daemon.registry.PersistentDaemonRegistry] Storing daemon address: [6930bce4-7bf3-42b7-80e7-f1073ef8c67d port:60337, addresses:[localhost/127.0.0.1]], context: DefaultDaemonContext[uid=e791d2b1-de2c-4912-9272-80a62fdf9493,javaHome=C:\Program Files\Android\Android Studio\jre,daemonRegistryDir=D:\BML Education\Chit-Fund-Management-App\daemon,pid=4408,idleTimeout=10800000,priority=NORMAL,daemonOpts=--add-opens,java.base/java.util=ALL-UNNAMED,--add-opens,java.base/java.lang=ALL-UNNAMED,--add-opens,java.base/java.lang.invoke=ALL-UNNAMED,--add-opens,java.base/java.util=ALL-UNNAMED,--add-opens,java.prefs/java.util.prefs=ALL-UNNAMED,--add-opens,java.prefs/java.util.prefs=ALL-UNNAMED,--add-opens,java.base/java.nio.charset=ALL-UNNAMED,--add-opens,java.base/java.net=ALL-UNNAMED,--add-opens,java.base/java.util.concurrent.atomic=ALL-UNNAMED,-Xmx2048m,-Dfile.encoding=UTF-8,-Duser.country=IN,-Duser.language=en,-Duser.variant]
2022-08-22T15:23:20.384+0530 [DEBUG] [org.gradle.cache.internal.DefaultFileLockManager] Waiting to acquire exclusive lock on daemon addresses registry.
2022-08-22T15:23:20.385+0530 [DEBUG] [org.gradle.cache.internal.DefaultFileLockManager] Lock acquired on daemon addresses registry.
2022-08-22T15:23:20.388+0530 [DEBUG] [org.gradle.cache.internal.DefaultFileLockManager] Releasing lock on daemon addresses registry.
2022-08-22T15:23:20.389+0530 [LIFECYCLE] [org.gradle.launcher.daemon.server.Daemon] Daemon server started.
2022-08-22T15:23:20.389+0530 [DEBUG] [org.gradle.launcher.daemon.bootstrap.DaemonStartupCommunication] Completed writing the daemon greeting. Closing streams...
2022-08-22T15:23:20.393+0530 [DEBUG] [org.gradle.launcher.daemon.server.Daemon] stopOnExpiration() called on daemon
2022-08-22T15:23:20.394+0530 [DEBUG] [org.gradle.launcher.daemon.server.Daemon] awaitExpiration() called on daemon
2022-08-22T15:23:20.394+0530 [DEBUG] [org.gradle.launcher.daemon.server.DaemonStateCoordinator] daemon is running. Sleeping until state changes.
2022-08-22T15:23:20.400+0530 [DEBUG] [org.gradle.internal.remote.internal.inet.TcpIncomingConnector] Accepted connection from /127.0.0.1:60338 to /127.0.0.1:60337.
2022-08-22T15:23:20.432+0530 [DEBUG] [org.gradle.launcher.daemon.server.SynchronizedDispatchConnection] thread 20: received class org.gradle.launcher.daemon.protocol.Build
2022-08-22T15:23:20.432+0530 [DEBUG] [org.gradle.launcher.daemon.server.DefaultDaemonConnection] thread 20: Received non-IO message from client: Build{id=955666ed-9726-4710-977e-b0bf649ca25b, currentDir=C:\Program Files\Android\Android Studio\jre\bin}
2022-08-22T15:23:20.433+0530 [INFO] [org.gradle.launcher.daemon.server.DefaultIncomingConnectionHandler] Received command: Build{id=955666ed-9726-4710-977e-b0bf649ca25b, currentDir=C:\Program Files\Android\Android Studio\jre\bin}.
2022-08-22T15:23:20.433+0530 [DEBUG] [org.gradle.launcher.daemon.server.DefaultIncomingConnectionHandler] Starting executing command: Build{id=955666ed-9726-4710-977e-b0bf649ca25b, currentDir=C:\Program Files\Android\Android Studio\jre\bin} with connection: socket connection from /127.0.0.1:60337 to /127.0.0.1:60338.
2022-08-22T15:23:20.435+0530 [DEBUG] [org.gradle.launcher.daemon.server.DaemonStateCoordinator] Command execution: started DaemonCommandExecution[command = Build{id=955666ed-9726-4710-977e-b0bf649ca25b, currentDir=C:\Program Files\Android\Android Studio\jre\bin}, connection = DefaultDaemonConnection: socket connection from /127.0.0.1:60337 to /127.0.0.1:60338] after 0.0 minutes of idle
2022-08-22T15:23:20.435+0530 [INFO] [org.gradle.launcher.daemon.server.DaemonRegistryUpdater] Marking the daemon as busy, address: [6930bce4-7bf3-42b7-80e7-f1073ef8c67d port:60337, addresses:[localhost/127.0.0.1]]
2022-08-22T15:23:20.435+0530 [DEBUG] [org.gradle.launcher.daemon.registry.PersistentDaemonRegistry] Marking busy by address: [6930bce4-7bf3-42b7-80e7-f1073ef8c67d port:60337, addresses:[localhost/127.0.0.1]]
2022-08-22T15:23:20.436+0530 [DEBUG] [org.gradle.cache.internal.DefaultFileLockManager] Waiting to acquire exclusive lock on daemon addresses registry.
2022-08-22T15:23:20.436+0530 [DEBUG] [org.gradle.cache.internal.DefaultFileLockManager] Lock acquired on daemon addresses registry.
2022-08-22T15:23:20.437+0530 [DEBUG] [org.gradle.cache.internal.DefaultFileLockManager] Releasing lock on daemon addresses registry.
2022-08-22T15:23:20.437+0530 [DEBUG] [org.gradle.launcher.daemon.server.DaemonStateCoordinator] resetting idle timer
2022-08-22T15:23:20.437+0530 [DEBUG] [org.gradle.launcher.daemon.server.DaemonStateCoordinator] daemon is running. Sleeping until state changes.
2022-08-22T15:23:20.438+0530 [INFO] [org.gradle.launcher.daemon.server.exec.StartBuildOrRespondWithBusy] Daemon is about to start building Build{id=955666ed-9726-4710-977e-b0bf649ca25b, currentDir=C:\Program Files\Android\Android Studio\jre\bin}. Dispatching build started information...
2022-08-22T15:23:20.438+0530 [DEBUG] [org.gradle.launcher.daemon.server.SynchronizedDispatchConnection] thread 22: dispatching org.gradle.launcher.daemon.protocol.BuildStarted@2fe87051
2022-08-22T15:23:20.440+0530 [DEBUG] [org.gradle.launcher.daemon.server.exec.EstablishBuildEnvironment] Configuring env variables: [USERDOMAIN_ROAMINGPROFILE, PROCESSOR_LEVEL, SESSIONNAME, ALLUSERSPROFILE, PROCESSOR_ARCHITECTURE, PSModulePath, SystemDrive, USERNAME, ProgramFiles(x86), PATHEXT, DriverData, OneDriveConsumer, PyCharm Community Edition, ProgramData, ProgramW6432, HOMEPATH, PROCESSOR_IDENTIFIER, ProgramFiles, PUBLIC, windir, =::, ZES_ENABLE_SYSMAN, LOCALAPPDATA, ChocolateyLastPathUpdate, USERDOMAIN, LOGONSERVER, OneDrive, APPDATA, CDS_LIC_ONLY, ChocolateyInstall, VBOX_MSI_INSTALL_PATH, CommonProgramFiles, Path, CDS_LIC_FILE, OS, COMPUTERNAME, PROCESSOR_REVISION, CommonProgramW6432, ComSpec, TEMP, SystemRoot, HOMEDRIVE, USERPROFILE, TMP, CommonProgramFiles(x86), NUMBER_OF_PROCESSORS, IDEA_INITIAL_DIRECTORY, HOME]
2022-08-22T15:23:20.441+0530 [DEBUG] [org.gradle.launcher.daemon.server.SynchronizedDispatchConnection] thread 20: received class org.gradle.launcher.daemon.protocol.CloseInput
2022-08-22T15:23:20.442+0530 [DEBUG] [org.gradle.launcher.daemon.server.DefaultDaemonConnection] thread 20: Received IO message from client: org.gradle.launcher.daemon.protocol.CloseInput@51a48220
2022-08-22T15:23:20.444+0530 [DEBUG] [org.gradle.launcher.daemon.server.exec.LogToClient] About to start relaying all logs to the client via the connection.
2022-08-22T15:23:20.445+0530 [INFO] [org.gradle.launcher.daemon.server.exec.LogToClient] The client will now receive all logging from the daemon (pid: 4408). The daemon log file: D:\BML Education\Chit-Fund-Management-App\daemon\7.1\daemon-4408.out.log
2022-08-22T15:23:20.446+0530 [INFO] [org.gradle.launcher.daemon.server.exec.LogAndCheckHealth] Starting build in new daemon [memory: 2 GiB]
2022-08-22T15:23:20.447+0530 [INFO] [org.gradle.launcher.daemon.server.exec.ForwardClientInput] Closing daemon's stdin at end of input.
2022-08-22T15:23:20.447+0530 [INFO] [org.gradle.launcher.daemon.server.exec.ForwardClientInput] The daemon will no longer process any standard input.
2022-08-22T15:23:20.450+0530 [DEBUG] [org.gradle.launcher.daemon.server.exec.ExecuteBuild] The daemon has started executing the build.
2022-08-22T15:23:20.450+0530 [DEBUG] [org.gradle.launcher.daemon.server.exec.ExecuteBuild] Executing build with daemon context: DefaultDaemonContext[uid=e791d2b1-de2c-4912-9272-80a62fdf9493,javaHome=C:\Program Files\Android\Android Studio\jre,daemonRegistryDir=D:\BML Education\Chit-Fund-Management-App\daemon,pid=4408,idleTimeout=10800000,priority=NORMAL,daemonOpts=--add-opens,java.base/java.util=ALL-UNNAMED,--add-opens,java.base/java.lang=ALL-UNNAMED,--add-opens,java.base/java.lang.invoke=ALL-UNNAMED,--add-opens,java.base/java.util=ALL-UNNAMED,--add-opens,java.prefs/java.util.prefs=ALL-UNNAMED,--add-opens,java.prefs/java.util.prefs=ALL-UNNAMED,--add-opens,java.base/java.nio.charset=ALL-UNNAMED,--add-opens,java.base/java.net=ALL-UNNAMED,--add-opens,java.base/java.util.concurrent.atomic=ALL-UNNAMED,-Xmx2048m,-Dfile.encoding=UTF-8,-Duser.country=IN,-Duser.language=en,-Duser.variant]

BUILD SUCCESSFUL in 6s
1 actionable task: 1 executed
2022-08-22T15:23:24.232+0530 [DEBUG] [org.gradle.launcher.daemon.server.exec.ExecuteBuild] The daemon has finished executing the build.
2022-08-22T15:23:24.248+0530 [DEBUG] [org.gradle.launcher.daemon.server.DaemonStateCoordinator] daemon is running. Sleeping until state changes.
2022-08-22T15:23:24.248+0530 [DEBUG] [org.gradle.launcher.daemon.server.DaemonStateCoordinator] Command execution: finished waiting for DaemonCommandExecution[command = Build{id=955666ed-9726-4710-977e-b0bf649ca25b, currentDir=C:\Program Files\Android\Android Studio\jre\bin}, connection = DefaultDaemonConnection: socket connection from /127.0.0.1:60337 to /127.0.0.1:60338]. Result org.gradle.launcher.daemon.server.DaemonStateCoordinator@4e7aeeee with state Busy
2022-08-22T15:23:24.248+0530 [DEBUG] [org.gradle.launcher.daemon.server.DaemonStateCoordinator] Command execution: completed DaemonCommandExecution[command = Build{id=955666ed-9726-4710-977e-b0bf649ca25b, currentDir=C:\Program Files\Android\Android Studio\jre\bin}, connection = DefaultDaemonConnection: socket connection from /127.0.0.1:60337 to /127.0.0.1:60338]
2022-08-22T15:23:24.249+0530 [DEBUG] [org.gradle.launcher.daemon.server.DaemonStateCoordinator] resetting idle timer
2022-08-22T15:23:24.249+0530 [INFO] [org.gradle.launcher.daemon.server.DaemonRegistryUpdater] Marking the daemon as idle, address: [6930bce4-7bf3-42b7-80e7-f1073ef8c67d port:60337, addresses:[localhost/127.0.0.1]]
2022-08-22T15:23:24.249+0530 [DEBUG] [org.gradle.launcher.daemon.registry.PersistentDaemonRegistry] Marking busy by address: [6930bce4-7bf3-42b7-80e7-f1073ef8c67d port:60337, addresses:[localhost/127.0.0.1]]
2022-08-22T15:23:24.249+0530 [DEBUG] [org.gradle.cache.internal.DefaultFileLockManager] Waiting to acquire exclusive lock on daemon addresses registry.
2022-08-22T15:23:24.250+0530 [DEBUG] [org.gradle.cache.internal.DefaultFileLockManager] Lock acquired on daemon addresses registry.
2022-08-22T15:23:24.251+0530 [DEBUG] [org.gradle.cache.internal.DefaultFileLockManager] Releasing lock on daemon addresses registry.
2022-08-22T15:23:24.251+0530 [DEBUG] [org.gradle.launcher.daemon.server.exec.ReturnResult] Daemon is dispatching the build result: Success[value=org.gradle.launcher.exec.BuildActionResult@38247247]
2022-08-22T15:23:24.252+0530 [DEBUG] [org.gradle.launcher.daemon.server.SynchronizedDispatchConnection] thread 19: dispatching Success[value=org.gradle.launcher.exec.BuildActionResult@38247247]
2022-08-22T15:23:24.253+0530 [DEBUG] [org.gradle.launcher.daemon.server.DaemonStateCoordinator] daemon is running. Sleeping until state changes.
2022-08-22T15:23:24.253+0530 [DEBUG] [org.gradle.launcher.daemon.server.DefaultIncomingConnectionHandler] Finishing executing command: Build{id=955666ed-9726-4710-977e-b0bf649ca25b, currentDir=C:\Program Files\Android\Android Studio\jre\bin}
2022-08-22T15:23:24.254+0530 [DEBUG] [org.gradle.launcher.daemon.server.SynchronizedDispatchConnection] thread 20: received class org.gradle.launcher.daemon.protocol.Finished
2022-08-22T15:23:24.254+0530 [DEBUG] [org.gradle.launcher.daemon.server.DefaultDaemonConnection] thread 20: Received non-IO message from client: org.gradle.launcher.daemon.protocol.Finished@3022d3e0
2022-08-22T15:23:24.254+0530 [DEBUG] [org.gradle.launcher.daemon.server.DefaultIncomingConnectionHandler] Received finished message: org.gradle.launcher.daemon.protocol.Finished@3022d3e0
2022-08-22T15:23:24.255+0530 [DEBUG] [org.gradle.internal.remote.internal.inet.SocketConnection] Discarding EOFException: java.io.EOFException
2022-08-22T15:23:24.255+0530 [DEBUG] [org.gradle.launcher.daemon.server.SynchronizedDispatchConnection] thread 20: received null
2022-08-22T15:23:24.255+0530 [DEBUG] [org.gradle.launcher.daemon.server.SynchronizedDispatchConnection] thread 19: stopping connection
2022-08-22T15:23:24.255+0530 [DEBUG] [org.gradle.launcher.daemon.server.DefaultDaemonConnection] thread 20: Received end-of-input from client.
2022-08-22T15:23:24.257+0530 [DEBUG] [org.gradle.launcher.daemon.server.SynchronizedDispatchConnection] thread 19: stopping connection
2022-08-22T15:23:27.617+0530 [DEBUG] [org.gradle.internal.remote.internal.inet.TcpIncomingConnector] Accepted connection from /127.0.0.1:60343 to /127.0.0.1:60337.
2022-08-22T15:23:27.638+0530 [DEBUG] [org.gradle.launcher.daemon.server.SynchronizedDispatchConnection] thread 51: received class org.gradle.launcher.daemon.protocol.Build
2022-08-22T15:23:27.638+0530 [DEBUG] [org.gradle.launcher.daemon.server.DefaultDaemonConnection] thread 51: Received non-IO message from client: Build{id=a1b2422d-9f72-4583-8bd4-afebd4c4e629, currentDir=D:\BML Education\MAD\openFashion}
2022-08-22T15:23:27.638+0530 [INFO] [org.gradle.launcher.daemon.server.DefaultIncomingConnectionHandler] Received command: Build{id=a1b2422d-9f72-4583-8bd4-afebd4c4e629, currentDir=D:\BML Education\MAD\openFashion}.
2022-08-22T15:23:27.638+0530 [DEBUG] [org.gradle.launcher.daemon.server.DefaultIncomingConnectionHandler] Starting executing command: Build{id=a1b2422d-9f72-4583-8bd4-afebd4c4e629, currentDir=D:\BML Education\MAD\openFashion} with connection: socket connection from /127.0.0.1:60337 to /127.0.0.1:60343.
2022-08-22T15:23:27.638+0530 [DEBUG] [org.gradle.launcher.daemon.server.DaemonStateCoordinator] Command execution: started DaemonCommandExecution[command = Build{id=a1b2422d-9f72-4583-8bd4-afebd4c4e629, currentDir=D:\BML Education\MAD\openFashion}, connection = DefaultDaemonConnection: socket connection from /127.0.0.1:60337 to /127.0.0.1:60343] after 0.0 minutes of idle
2022-08-22T15:23:27.639+0530 [INFO] [org.gradle.launcher.daemon.server.DaemonRegistryUpdater] Marking the daemon as busy, address: [6930bce4-7bf3-42b7-80e7-f1073ef8c67d port:60337, addresses:[localhost/127.0.0.1]]
2022-08-22T15:23:27.639+0530 [DEBUG] [org.gradle.launcher.daemon.registry.PersistentDaemonRegistry] Marking busy by address: [6930bce4-7bf3-42b7-80e7-f1073ef8c67d port:60337, addresses:[localhost/127.0.0.1]]
2022-08-22T15:23:27.639+0530 [DEBUG] [org.gradle.cache.internal.DefaultFileLockManager] Waiting to acquire exclusive lock on daemon addresses registry.
2022-08-22T15:23:27.639+0530 [DEBUG] [org.gradle.cache.internal.DefaultFileLockManager] Lock acquired on daemon addresses registry.
2022-08-22T15:23:27.640+0530 [DEBUG] [org.gradle.cache.internal.DefaultFileLockManager] Releasing lock on daemon addresses registry.
2022-08-22T15:23:27.640+0530 [DEBUG] [org.gradle.launcher.daemon.server.DaemonStateCoordinator] resetting idle timer
2022-08-22T15:23:27.640+0530 [DEBUG] [org.gradle.launcher.daemon.server.DaemonStateCoordinator] daemon is running. Sleeping until state changes.
2022-08-22T15:23:27.640+0530 [INFO] [org.gradle.launcher.daemon.server.exec.StartBuildOrRespondWithBusy] Daemon is about to start building Build{id=a1b2422d-9f72-4583-8bd4-afebd4c4e629, currentDir=D:\BML Education\MAD\openFashion}. Dispatching build started information...
2022-08-22T15:23:27.641+0530 [DEBUG] [org.gradle.launcher.daemon.server.SynchronizedDispatchConnection] thread 22: dispatching org.gradle.launcher.daemon.protocol.BuildStarted@5cc46ee4
2022-08-22T15:23:27.641+0530 [DEBUG] [org.gradle.launcher.daemon.server.exec.EstablishBuildEnvironment] Configuring env variables: [USERDOMAIN_ROAMINGPROFILE, PROCESSOR_LEVEL, SESSIONNAME, ALLUSERSPROFILE, PROCESSOR_ARCHITECTURE, PSModulePath, SystemDrive, USERNAME, ProgramFiles(x86), PATHEXT, DriverData, OneDriveConsumer, PyCharm Community Edition, ProgramData, ProgramW6432, HOMEPATH, PROCESSOR_IDENTIFIER, ProgramFiles, PUBLIC, windir, =::, ZES_ENABLE_SYSMAN, LOCALAPPDATA, ChocolateyLastPathUpdate, USERDOMAIN, LOGONSERVER, OneDrive, APPDATA, CDS_LIC_ONLY, ChocolateyInstall, VBOX_MSI_INSTALL_PATH, CommonProgramFiles, Path, CDS_LIC_FILE, OS, COMPUTERNAME, PROCESSOR_REVISION, CommonProgramW6432, ComSpec, TEMP, SystemRoot, HOMEDRIVE, USERPROFILE, TMP, CommonProgramFiles(x86), NUMBER_OF_PROCESSORS, IDEA_INITIAL_DIRECTORY, HOME]
2022-08-22T15:23:27.642+0530 [DEBUG] [org.gradle.launcher.daemon.server.SynchronizedDispatchConnection] thread 51: received class org.gradle.launcher.daemon.protocol.CloseInput
2022-08-22T15:23:27.642+0530 [DEBUG] [org.gradle.launcher.daemon.server.DefaultDaemonConnection] thread 51: Received IO message from client: org.gradle.launcher.daemon.protocol.CloseInput@c0187ba
2022-08-22T15:23:27.643+0530 [DEBUG] [org.gradle.launcher.daemon.server.exec.LogToClient] About to start relaying all logs to the client via the connection.
2022-08-22T15:23:27.643+0530 [INFO] [org.gradle.launcher.daemon.server.exec.LogToClient] The client will now receive all logging from the daemon (pid: 4408). The daemon log file: D:\BML Education\Chit-Fund-Management-App\daemon\7.1\daemon-4408.out.log
2022-08-22T15:23:27.644+0530 [INFO] [org.gradle.launcher.daemon.server.exec.LogAndCheckHealth] Starting 2nd build in daemon [uptime: 8.218 secs, performance: 100%]
2022-08-22T15:23:27.644+0530 [DEBUG] [org.gradle.launcher.daemon.server.exec.ExecuteBuild] The daemon has started executing the build.
2022-08-22T15:23:27.645+0530 [INFO] [org.gradle.launcher.daemon.server.exec.ForwardClientInput] Closing daemon's stdin at end of input.
2022-08-22T15:23:27.645+0530 [DEBUG] [org.gradle.launcher.daemon.server.exec.ExecuteBuild] Executing build with daemon context: DefaultDaemonContext[uid=e791d2b1-de2c-4912-9272-80a62fdf9493,javaHome=C:\Program Files\Android\Android Studio\jre,daemonRegistryDir=D:\BML Education\Chit-Fund-Management-App\daemon,pid=4408,idleTimeout=10800000,priority=NORMAL,daemonOpts=--add-opens,java.base/java.util=ALL-UNNAMED,--add-opens,java.base/java.lang=ALL-UNNAMED,--add-opens,java.base/java.lang.invoke=ALL-UNNAMED,--add-opens,java.base/java.util=ALL-UNNAMED,--add-opens,java.prefs/java.util.prefs=ALL-UNNAMED,--add-opens,java.prefs/java.util.prefs=ALL-UNNAMED,--add-opens,java.base/java.nio.charset=ALL-UNNAMED,--add-opens,java.base/java.net=ALL-UNNAMED,--add-opens,java.base/java.util.concurrent.atomic=ALL-UNNAMED,-Xmx2048m,-Dfile.encoding=UTF-8,-Duser.country=IN,-Duser.language=en,-Duser.variant]
2022-08-22T15:23:27.645+0530 [INFO] [org.gradle.launcher.daemon.server.exec.ForwardClientInput] The daemon will no longer process any standard input.

BUILD SUCCESSFUL in 9s
2022-08-22T15:23:33.716+0530 [DEBUG] [org.gradle.launcher.daemon.server.exec.ExecuteBuild] The daemon has finished executing the build.
2022-08-22T15:23:33.734+0530 [DEBUG] [org.gradle.launcher.daemon.server.DaemonStateCoordinator] daemon is running. Sleeping until state changes.
2022-08-22T15:23:33.734+0530 [DEBUG] [org.gradle.launcher.daemon.server.DaemonStateCoordinator] Command execution: finished waiting for DaemonCommandExecution[command = Build{id=a1b2422d-9f72-4583-8bd4-afebd4c4e629, currentDir=D:\BML Education\MAD\openFashion}, connection = DefaultDaemonConnection: socket connection from /127.0.0.1:60337 to /127.0.0.1:60343]. Result org.gradle.launcher.daemon.server.DaemonStateCoordinator@4e7aeeee with state Busy
2022-08-22T15:23:33.735+0530 [DEBUG] [org.gradle.launcher.daemon.server.DaemonStateCoordinator] Command execution: completed DaemonCommandExecution[command = Build{id=a1b2422d-9f72-4583-8bd4-afebd4c4e629, currentDir=D:\BML Education\MAD\openFashion}, connection = DefaultDaemonConnection: socket connection from /127.0.0.1:60337 to /127.0.0.1:60343]
2022-08-22T15:23:33.735+0530 [DEBUG] [org.gradle.launcher.daemon.server.DaemonStateCoordinator] resetting idle timer
2022-08-22T15:23:33.735+0530 [INFO] [org.gradle.launcher.daemon.server.DaemonRegistryUpdater] Marking the daemon as idle, address: [6930bce4-7bf3-42b7-80e7-f1073ef8c67d port:60337, addresses:[localhost/127.0.0.1]]
2022-08-22T15:23:33.735+0530 [DEBUG] [org.gradle.launcher.daemon.registry.PersistentDaemonRegistry] Marking busy by address: [6930bce4-7bf3-42b7-80e7-f1073ef8c67d port:60337, addresses:[localhost/127.0.0.1]]
2022-08-22T15:23:33.736+0530 [DEBUG] [org.gradle.cache.internal.DefaultFileLockManager] Waiting to acquire exclusive lock on daemon addresses registry.
2022-08-22T15:23:33.736+0530 [DEBUG] [org.gradle.cache.internal.DefaultFileLockManager] Lock acquired on daemon addresses registry.
2022-08-22T15:23:33.737+0530 [DEBUG] [org.gradle.cache.internal.DefaultFileLockManager] Releasing lock on daemon addresses registry.
2022-08-22T15:23:33.737+0530 [DEBUG] [org.gradle.launcher.daemon.server.exec.ReturnResult] Daemon is dispatching the build result: Success[value=org.gradle.launcher.exec.BuildActionResult@3492eeb8]
2022-08-22T15:23:33.738+0530 [DEBUG] [org.gradle.launcher.daemon.server.SynchronizedDispatchConnection] thread 19: dispatching Success[value=org.gradle.launcher.exec.BuildActionResult@3492eeb8]
2022-08-22T15:23:33.738+0530 [DEBUG] [org.gradle.launcher.daemon.server.DaemonStateCoordinator] daemon is running. Sleeping until state changes.
2022-08-22T15:23:33.738+0530 [DEBUG] [org.gradle.launcher.daemon.server.SynchronizedDispatchConnection] thread 51: received class org.gradle.launcher.daemon.protocol.Finished
2022-08-22T15:23:33.738+0530 [DEBUG] [org.gradle.launcher.daemon.server.DefaultDaemonConnection] thread 51: Received non-IO message from client: org.gradle.launcher.daemon.protocol.Finished@52631e0d
2022-08-22T15:23:33.738+0530 [DEBUG] [org.gradle.launcher.daemon.server.DefaultIncomingConnectionHandler] Finishing executing command: Build{id=a1b2422d-9f72-4583-8bd4-afebd4c4e629, currentDir=D:\BML Education\MAD\openFashion}
2022-08-22T15:23:33.739+0530 [DEBUG] [org.gradle.internal.remote.internal.inet.SocketConnection] Discarding EOFException: java.io.EOFException
2022-08-22T15:23:33.739+0530 [DEBUG] [org.gradle.launcher.daemon.server.DefaultIncomingConnectionHandler] Received finished message: org.gradle.launcher.daemon.protocol.Finished@52631e0d
2022-08-22T15:23:33.739+0530 [DEBUG] [org.gradle.launcher.daemon.server.SynchronizedDispatchConnection] thread 51: received null
2022-08-22T15:23:33.739+0530 [DEBUG] [org.gradle.launcher.daemon.server.SynchronizedDispatchConnection] thread 19: stopping connection
2022-08-22T15:23:33.739+0530 [DEBUG] [org.gradle.launcher.daemon.server.DefaultDaemonConnection] thread 51: Received end-of-input from client.
2022-08-22T15:23:33.740+0530 [DEBUG] [org.gradle.launcher.daemon.server.SynchronizedDispatchConnection] thread 19: stopping connection
2022-08-22T15:23:40.402+0530 [DEBUG] [org.gradle.cache.internal.DefaultFileLockManager] Waiting to acquire shared lock on daemon addresses registry.
2022-08-22T15:23:40.402+0530 [DEBUG] [org.gradle.cache.internal.DefaultFileLockManager] Lock acquired on daemon addresses registry.
2022-08-22T15:23:40.402+0530 [DEBUG] [org.gradle.cache.internal.DefaultFileLockManager] Releasing lock on daemon addresses registry.
2022-08-22T15:23:40.404+0530 [DEBUG] [org.gradle.cache.internal.DefaultFileLockManager] Waiting to acquire shared lock on daemon addresses registry.
2022-08-22T15:23:40.404+0530 [DEBUG] [org.gradle.cache.internal.DefaultFileLockManager] Lock acquired on daemon addresses registry.
2022-08-22T15:23:40.404+0530 [DEBUG] [org.gradle.cache.internal.DefaultFileLockManager] Releasing lock on daemon addresses registry.
2022-08-22T15:23:50.395+0530 [DEBUG] [org.gradle.cache.internal.DefaultFileLockManager] Waiting to acquire shared lock on daemon addresses registry.
2022-08-22T15:23:50.395+0530 [DEBUG] [org.gradle.cache.internal.DefaultFileLockManager] Lock acquired on daemon addresses registry.
2022-08-22T15:23:50.395+0530 [DEBUG] [org.gradle.cache.internal.DefaultFileLockManager] Releasing lock on daemon addresses registry.
2022-08-22T15:23:50.396+0530 [DEBUG] [org.gradle.cache.internal.DefaultFileLockManager] Waiting to acquire shared lock on daemon addresses registry.
2022-08-22T15:23:50.396+0530 [DEBUG] [org.gradle.cache.internal.DefaultFileLockManager] Lock acquired on daemon addresses registry.
2022-08-22T15:23:50.396+0530 [DEBUG] [org.gradle.cache.internal.DefaultFileLockManager] Releasing lock on daemon addresses registry.
2022-08-22T15:23:50.396+0530 [DEBUG] [org.gradle.cache.internal.DefaultFileLockManager] Waiting to acquire shared lock on daemon addresses registry.
2022-08-22T15:23:50.396+0530 [DEBUG] [org.gradle.cache.internal.DefaultFileLockManager] Lock acquired on daemon addresses registry.
2022-08-22T15:23:50.397+0530 [DEBUG] [org.gradle.cache.internal.DefaultFileLockManager] Releasing lock on daemon addresses registry.
2022-08-22T15:24:00.401+0530 [DEBUG] [org.gradle.cache.internal.DefaultFileLockManager] Waiting to acquire shared lock on daemon addresses registry.
2022-08-22T15:24:00.402+0530 [DEBUG] [org.gradle.cache.internal.DefaultFileLockManager] Lock acquired on daemon addresses registry.
2022-08-22T15:24:00.402+0530 [DEBUG] [org.gradle.cache.internal.DefaultFileLockManager] Releasing lock on daemon addresses registry.
2022-08-22T15:24:00.402+0530 [DEBUG] [org.gradle.cache.internal.DefaultFileLockManager] Waiting to acquire shared lock on daemon addresses registry.
2022-08-22T15:24:00.403+0530 [DEBUG] [org.gradle.cache.internal.DefaultFileLockManager] Lock acquired on daemon addresses registry.
2022-08-22T15:24:00.403+0530 [DEBUG] [org.gradle.cache.internal.DefaultFileLockManager] Releasing lock on daemon addresses registry.
2022-08-22T15:24:00.403+0530 [DEBUG] [org.gradle.cache.internal.DefaultFileLockManager] Waiting to acquire shared lock on daemon addresses registry.
2022-08-22T15:24:00.403+0530 [DEBUG] [org.gradle.cache.internal.DefaultFileLockManager] Lock acquired on daemon addresses registry.
2022-08-22T15:24:00.403+0530 [DEBUG] [org.gradle.cache.internal.DefaultFileLockManager] Releasing lock on daemon addresses registry.
2022-08-22T15:24:10.401+0530 [DEBUG] [org.gradle.cache.internal.DefaultFileLockManager] Waiting to acquire shared lock on daemon addresses registry.
2022-08-22T15:24:10.401+0530 [DEBUG] [org.gradle.cache.internal.DefaultFileLockManager] Lock acquired on daemon addresses registry.
2022-08-22T15:24:10.402+0530 [DEBUG] [org.gradle.cache.internal.DefaultFileLockManager] Releasing lock on daemon addresses registry.
2022-08-22T15:24:10.402+0530 [DEBUG] [org.gradle.cache.internal.DefaultFileLockManager] Waiting to acquire shared lock on daemon addresses registry.
2022-08-22T15:24:10.402+0530 [DEBUG] [org.gradle.cache.internal.DefaultFileLockManager] Lock acquired on daemon addresses registry.
2022-08-22T15:24:10.402+0530 [DEBUG] [org.gradle.cache.internal.DefaultFileLockManager] Releasing lock on daemon addresses registry.
2022-08-22T15:24:10.402+0530 [DEBUG] [org.gradle.cache.internal.DefaultFileLockManager] Waiting to acquire shared lock on daemon addresses registry.
2022-08-22T15:24:10.402+0530 [DEBUG] [org.gradle.cache.internal.DefaultFileLockManager] Lock acquired on daemon addresses registry.
2022-08-22T15:24:10.403+0530 [DEBUG] [org.gradle.cache.internal.DefaultFileLockManager] Releasing lock on daemon addresses registry.
2022-08-22T15:24:20.396+0530 [DEBUG] [org.gradle.cache.internal.DefaultFileLockManager] Waiting to acquire shared lock on daemon addresses registry.
2022-08-22T15:24:20.396+0530 [DEBUG] [org.gradle.cache.internal.DefaultFileLockManager] Lock acquired on daemon addresses registry.
2022-08-22T15:24:20.397+0530 [DEBUG] [org.gradle.cache.internal.DefaultFileLockManager] Releasing lock on daemon addresses registry.
2022-08-22T15:24:20.397+0530 [DEBUG] [org.gradle.cache.internal.DefaultFileLockManager] Waiting to acquire shared lock on daemon addresses registry.
2022-08-22T15:24:20.397+0530 [DEBUG] [org.gradle.cache.internal.DefaultFileLockManager] Lock acquired on daemon addresses registry.
2022-08-22T15:24:20.398+0530 [DEBUG] [org.gradle.cache.internal.DefaultFileLockManager] Releasing lock on daemon addresses registry.
2022-08-22T15:24:20.398+0530 [DEBUG] [org.gradle.cache.internal.DefaultFileLockManager] Waiting to acquire shared lock on daemon addresses registry.
2022-08-22T15:24:20.398+0530 [DEBUG] [org.gradle.cache.internal.DefaultFileLockManager] Lock acquired on daemon addresses registry.
2022-08-22T15:24:20.398+0530 [DEBUG] [org.gradle.cache.internal.DefaultFileLockManager] Releasing lock on daemon addresses registry.
2022-08-22T15:24:24.915+0530 [DEBUG] [org.gradle.internal.remote.internal.inet.TcpIncomingConnector] Accepted connection from /127.0.0.1:60400 to /127.0.0.1:60337.
2022-08-22T15:24:24.919+0530 [DEBUG] [org.gradle.launcher.daemon.server.SynchronizedDispatchConnection] thread 74: received class org.gradle.launcher.daemon.protocol.StopWhenIdle
2022-08-22T15:24:24.919+0530 [DEBUG] [org.gradle.launcher.daemon.server.DefaultDaemonConnection] thread 74: Received non-IO message from client: StopWhenIdle[id=f338e92a-e61a-4860-a682-050b30522a9d]
2022-08-22T15:24:24.920+0530 [INFO] [org.gradle.launcher.daemon.server.DefaultIncomingConnectionHandler] Received command: StopWhenIdle[id=f338e92a-e61a-4860-a682-050b30522a9d].
2022-08-22T15:24:24.920+0530 [DEBUG] [org.gradle.launcher.daemon.server.DefaultIncomingConnectionHandler] Starting executing command: StopWhenIdle[id=f338e92a-e61a-4860-a682-050b30522a9d] with connection: socket connection from /127.0.0.1:60337 to /127.0.0.1:60400.
2022-08-22T15:24:24.920+0530 [DEBUG] [org.gradle.launcher.daemon.server.DaemonRegistryUpdater] Storing daemon stop event: stop command received
2022-08-22T15:24:24.921+0530 [DEBUG] [org.gradle.launcher.daemon.registry.PersistentDaemonRegistry] Storing daemon stop event with timestamp 1661162064921
2022-08-22T15:24:24.922+0530 [DEBUG] [org.gradle.cache.internal.DefaultFileLockManager] Waiting to acquire exclusive lock on daemon addresses registry.
2022-08-22T15:24:24.922+0530 [DEBUG] [org.gradle.cache.internal.DefaultFileLockManager] Lock acquired on daemon addresses registry.
2022-08-22T15:24:24.923+0530 [DEBUG] [org.gradle.cache.internal.DefaultFileLockManager] Releasing lock on daemon addresses registry.
2022-08-22T15:24:24.923+0530 [LIFECYCLE] [org.gradle.launcher.daemon.server.DaemonStateCoordinator] Daemon will be stopped at the end of the build stop command received
2022-08-22T15:24:24.923+0530 [DEBUG] [org.gradle.launcher.daemon.server.DaemonStateCoordinator] Marking daemon stopped due to stop command received. The daemon is running a build: false
2022-08-22T15:24:24.923+0530 [DEBUG] [org.gradle.launcher.daemon.server.DaemonStateCoordinator] daemon has stopped.
2022-08-22T15:24:24.923+0530 [DEBUG] [org.gradle.launcher.daemon.server.SynchronizedDispatchConnection] thread 19: dispatching Success[value=null]
2022-08-22T15:24:24.923+0530 [DEBUG] [org.gradle.launcher.daemon.server.Daemon] stop() called on daemon
2022-08-22T15:24:24.923+0530 [INFO] [org.gradle.launcher.daemon.server.Daemon] Stop requested. Daemon is removing its presence from the registry...
2022-08-22T15:24:24.923+0530 [DEBUG] [org.gradle.launcher.daemon.server.DefaultIncomingConnectionHandler] Finishing executing command: StopWhenIdle[id=f338e92a-e61a-4860-a682-050b30522a9d]
2022-08-22T15:24:24.924+0530 [DEBUG] [org.gradle.launcher.daemon.server.DaemonRegistryUpdater] Removing our presence to clients, eg. removing this address from the registry: [6930bce4-7bf3-42b7-80e7-f1073ef8c67d port:60337, addresses:[localhost/127.0.0.1]]
2022-08-22T15:24:24.924+0530 [DEBUG] [org.gradle.launcher.daemon.server.SynchronizedDispatchConnection] thread 74: received class org.gradle.launcher.daemon.protocol.Finished
2022-08-22T15:24:24.924+0530 [DEBUG] [org.gradle.launcher.daemon.server.DefaultDaemonConnection] thread 74: Received non-IO message from client: org.gradle.launcher.daemon.protocol.Finished@47099237
2022-08-22T15:24:24.924+0530 [DEBUG] [org.gradle.launcher.daemon.registry.PersistentDaemonRegistry] Removing daemon address: [6930bce4-7bf3-42b7-80e7-f1073ef8c67d port:60337, addresses:[localhost/127.0.0.1]]
2022-08-22T15:24:24.924+0530 [DEBUG] [org.gradle.internal.remote.internal.inet.SocketConnection] Discarding EOFException: java.io.EOFException
2022-08-22T15:24:24.924+0530 [DEBUG] [org.gradle.launcher.daemon.server.DefaultIncomingConnectionHandler] Received finished message: org.gradle.launcher.daemon.protocol.Finished@47099237
2022-08-22T15:24:24.924+0530 [DEBUG] [org.gradle.launcher.daemon.server.SynchronizedDispatchConnection] thread 74: received null
2022-08-22T15:24:24.925+0530 [DEBUG] [org.gradle.launcher.daemon.server.DefaultDaemonConnection] thread 74: Received end-of-input from client.
2022-08-22T15:24:24.925+0530 [DEBUG] [org.gradle.launcher.daemon.server.SynchronizedDispatchConnection] thread 19: stopping connection
2022-08-22T15:24:24.925+0530 [DEBUG] [org.gradle.cache.internal.DefaultFileLockManager] Waiting to acquire exclusive lock on daemon addresses registry.
2022-08-22T15:24:24.926+0530 [DEBUG] [org.gradle.launcher.daemon.server.SynchronizedDispatchConnection] thread 19: stopping connection
2022-08-22T15:24:24.926+0530 [DEBUG] [org.gradle.cache.internal.DefaultFileLockManager] Lock acquired on daemon addresses registry.
2022-08-22T15:24:24.927+0530 [DEBUG] [org.gradle.cache.internal.DefaultFileLockManager] Releasing lock on daemon addresses registry.
2022-08-22T15:24:24.927+0530 [DEBUG] [org.gradle.launcher.daemon.server.DaemonRegistryUpdater] Address removed from registry.
2022-08-22T15:24:24.929+0530 [DEBUG] [org.gradle.cache.internal.LockOnDemandCrossProcessCacheAccess] Releasing file lock for jars (D:\BML Education\Chit-Fund-Management-App\caches\jars-9)
2022-08-22T15:24:24.929+0530 [DEBUG] [org.gradle.cache.internal.DefaultFileLockManager] Releasing lock on jars (D:\BML Education\Chit-Fund-Management-App\caches\jars-9).
2022-08-22T15:24:24.931+0530 [DEBUG] [org.gradle.cache.internal.DefaultPersistentDirectoryStore] jars (D:\BML Education\Chit-Fund-Management-App\caches\jars-9) has last been fully cleaned up 455 hours ago
2022-08-22T15:24:24.933+0530 [INFO] [org.gradle.cache.internal.AbstractCacheCleanup] jars (D:\BML Education\Chit-Fund-Management-App\caches\jars-9) cleanup deleted 0 files/directories.
2022-08-22T15:24:24.933+0530 [INFO] [org.gradle.cache.internal.LeastRecentlyUsedCacheCleanup] jars (D:\BML Education\Chit-Fund-Management-App\caches\jars-9) removing files not accessed on or after Mon Aug 15 15:23:20 IST 2022.
2022-08-22T15:24:25.820+0530 [INFO] [org.gradle.cache.internal.AbstractCacheCleanup] jars (D:\BML Education\Chit-Fund-Management-App\caches\jars-9) cleanup deleted 152 files/directories.
2022-08-22T15:24:25.821+0530 [INFO] [org.gradle.cache.internal.DefaultPersistentDirectoryStore] jars (D:\BML Education\Chit-Fund-Management-App\caches\jars-9) cleaned up in 0.89 secs.
2022-08-22T15:24:25.825+0530 [DEBUG] [org.gradle.cache.internal.LockOnDemandCrossProcessCacheAccess] Releasing file lock for file content cache (D:\BML Education\Chit-Fund-Management-App\caches\7.1\fileContent)
2022-08-22T15:24:25.826+0530 [DEBUG] [org.gradle.cache.internal.DefaultFileLockManager] Releasing lock on file content cache (D:\BML Education\Chit-Fund-Management-App\caches\7.1\fileContent).
2022-08-22T15:24:25.828+0530 [DEBUG] [org.gradle.internal.watch.registry.impl.DefaultFileWatcherRegistry] Finished listening to file system change events
2022-08-22T15:24:25.828+0530 [DEBUG] [org.gradle.cache.internal.DefaultPersistentDirectoryStore] Artifact transforms cache (D:\BML Education\Chit-Fund-Management-App\caches\transforms-3) has last been fully cleaned up 455 hours ago
2022-08-22T15:24:25.828+0530 [INFO] [org.gradle.cache.internal.LeastRecentlyUsedCacheCleanup] Artifact transforms cache (D:\BML Education\Chit-Fund-Management-App\caches\transforms-3) removing files not accessed on or after Mon Aug 15 15:23:21 IST 2022.
2022-08-22T15:24:39.164+0530 [INFO] [org.gradle.cache.internal.AbstractCacheCleanup] Artifact transforms cache (D:\BML Education\Chit-Fund-Management-App\caches\transforms-3) cleanup deleted 2125 files/directories.
2022-08-22T15:24:39.165+0530 [INFO] [org.gradle.cache.internal.DefaultPersistentDirectoryStore] Artifact transforms cache (D:\BML Education\Chit-Fund-Management-App\caches\transforms-3) cleaned up in 13.337 secs.
2022-08-22T15:24:39.165+0530 [DEBUG] [org.gradle.cache.internal.DefaultCacheAccess] Cache Artifact transforms cache (D:\BML Education\Chit-Fund-Management-App\caches\transforms-3) was closed 0 times.
2022-08-22T15:24:39.165+0530 [DEBUG] [org.gradle.cache.internal.LockOnDemandCrossProcessCacheAccess] Releasing file lock for artifact cache (D:\BML Education\Chit-Fund-Management-App\caches\modules-2)
2022-08-22T15:24:39.165+0530 [DEBUG] [org.gradle.cache.internal.DefaultFileLockManager] Releasing lock on artifact cache (D:\BML Education\Chit-Fund-Management-App\caches\modules-2).
2022-08-22T15:24:39.200+0530 [DEBUG] [org.gradle.cache.internal.DefaultPersistentDirectoryStore] artifact cache (D:\BML Education\Chit-Fund-Management-App\caches\modules-2) has last been fully cleaned up 455 hours ago
2022-08-22T15:24:39.201+0530 [INFO] [org.gradle.cache.internal.AbstractCacheCleanup] artifact cache (D:\BML Education\Chit-Fund-Management-App\caches\modules-2) cleanup deleted 0 files/directories.
2022-08-22T15:24:39.202+0530 [INFO] [org.gradle.cache.internal.AbstractCacheCleanup] artifact cache (D:\BML Education\Chit-Fund-Management-App\caches\modules-2) [subdir: D:\BML Education\Chit-Fund-Management-App\caches\modules-2\resources-2.1] cleanup deleted 0 files/directories.
2022-08-22T15:24:39.202+0530 [INFO] [org.gradle.cache.internal.LeastRecentlyUsedCacheCleanup] artifact cache (D:\BML Education\Chit-Fund-Management-App\caches\modules-2) [subdir: D:\BML Education\Chit-Fund-Management-App\caches\modules-2\resources-2.1] removing files not accessed on or after Sat Jul 23 15:23:24 IST 2022.
2022-08-22T15:24:39.203+0530 [INFO] [org.gradle.cache.internal.AbstractCacheCleanup] artifact cache (D:\BML Education\Chit-Fund-Management-App\caches\modules-2) [subdir: D:\BML Education\Chit-Fund-Management-App\caches\modules-2\resources-2.1] cleanup deleted 0 files/directories.
2022-08-22T15:24:39.203+0530 [INFO] [org.gradle.cache.internal.AbstractCacheCleanup] artifact cache (D:\BML Education\Chit-Fund-Management-App\caches\modules-2) [subdir: D:\BML Education\Chit-Fund-Management-App\caches\modules-2\files-2.1] cleanup deleted 0 files/directories.
2022-08-22T15:24:39.204+0530 [INFO] [org.gradle.cache.internal.LeastRecentlyUsedCacheCleanup] artifact cache (D:\BML Education\Chit-Fund-Management-App\caches\modules-2) [subdir: D:\BML Education\Chit-Fund-Management-App\caches\modules-2\files-2.1] removing files not accessed on or after Sat Jul 23 15:23:24 IST 2022.
2022-08-22T15:24:40.336+0530 [INFO] [org.gradle.cache.internal.AbstractCacheCleanup] artifact cache (D:\BML Education\Chit-Fund-Management-App\caches\modules-2) [subdir: D:\BML Education\Chit-Fund-Management-App\caches\modules-2\files-2.1] cleanup deleted 160 files/directories.
2022-08-22T15:24:40.337+0530 [INFO] [org.gradle.cache.internal.AbstractCacheCleanup] artifact cache (D:\BML Education\Chit-Fund-Management-App\caches\modules-2) [subdir: D:\BML Education\Chit-Fund-Management-App\caches\modules-2\metadata-2.97] cleanup deleted 0 files/directories.
2022-08-22T15:24:40.337+0530 [INFO] [org.gradle.cache.internal.DefaultPersistentDirectoryStore] artifact cache (D:\BML Education\Chit-Fund-Management-App\caches\modules-2) cleaned up in 1.137 secs.
2022-08-22T15:24:40.338+0530 [DEBUG] [org.gradle.cache.internal.DefaultCacheAccess] Cache Generated Gradle JARs cache (D:\BML Education\Chit-Fund-Management-App\caches\7.1\generated-gradle-jars) was closed 0 times.
2022-08-22T15:24:40.338+0530 [DEBUG] [org.gradle.cache.internal.LockOnDemandCrossProcessCacheAccess] Releasing file lock for journal cache (D:\BML Education\Chit-Fund-Management-App\caches\journal-1)
2022-08-22T15:24:40.338+0530 [DEBUG] [org.gradle.cache.internal.btree.BTreePersistentIndexedCache] Closing cache file-access.bin (D:\BML Education\Chit-Fund-Management-App\caches\journal-1\file-access.bin)
2022-08-22T15:24:40.339+0530 [DEBUG] [org.gradle.cache.internal.DefaultFileLockManager] Releasing lock on journal cache (D:\BML Education\Chit-Fund-Management-App\caches\journal-1).
2022-08-22T15:24:40.339+0530 [DEBUG] [org.gradle.cache.internal.LockOnDemandCrossProcessCacheAccess] Releasing file lock for file hash cache (D:\BML Education\Chit-Fund-Management-App\caches\7.1\fileHashes)
2022-08-22T15:24:40.340+0530 [DEBUG] [org.gradle.cache.internal.btree.BTreePersistentIndexedCache] Closing cache fileHashes.bin (D:\BML Education\Chit-Fund-Management-App\caches\7.1\fileHashes\fileHashes.bin)
2022-08-22T15:24:40.340+0530 [DEBUG] [org.gradle.cache.internal.btree.BTreePersistentIndexedCache] Closing cache resourceHashesCache.bin (D:\BML Education\Chit-Fund-Management-App\caches\7.1\fileHashes\resourceHashesCache.bin)
2022-08-22T15:24:40.340+0530 [DEBUG] [org.gradle.cache.internal.DefaultFileLockManager] Releasing lock on file hash cache (D:\BML Education\Chit-Fund-Management-App\caches\7.1\fileHashes).
2022-08-22T15:24:40.341+0530 [DEBUG] [org.gradle.cache.internal.LockOnDemandCrossProcessCacheAccess] Releasing file lock for execution history cache (D:\BML Education\Chit-Fund-Management-App\caches\7.1\executionHistory)
2022-08-22T15:24:40.341+0530 [DEBUG] [org.gradle.cache.internal.DefaultFileLockManager] Releasing lock on execution history cache (D:\BML Education\Chit-Fund-Management-App\caches\7.1\executionHistory).
2022-08-22T15:24:40.343+0530 [DEBUG] [org.gradle.cache.internal.VersionSpecificCacheCleanupAction] Processed version-specific caches at D:\BML Education\Chit-Fund-Management-App\caches for cleanup in 0.0 secs
Daemon vm is shutting down... The daemon has exited normally or was terminated in response to a user interrupt.
2022-08-22T15:24:40.632+0530 [DEBUG] [org.gradle.launcher.daemon.registry.PersistentDaemonRegistry] Removing daemon address: [6930bce4-7bf3-42b7-80e7-f1073ef8c67d port:60337, addresses:[localhost/127.0.0.1]]
2022-08-22T15:24:40.633+0530 [DEBUG] [org.gradle.cache.internal.DefaultFileLockManager] Waiting to acquire exclusive lock on daemon addresses registry.
2022-08-22T15:24:40.634+0530 [DEBUG] [org.gradle.cache.internal.DefaultFileLockManager] Lock acquired on daemon addresses registry.
2022-08-22T15:24:40.634+0530 [DEBUG] [org.gradle.cache.internal.DefaultFileLockManager] Releasing lock on daemon addresses registry.
