[2021-01-05T16:22:08+0000] [PACMAN] Running 'pacman -Syu --root /tmp/newmsys/msys64'
[2021-01-05T16:22:08+0000] [PACMAN] synchronizing package lists
[2021-01-05T16:22:14+0000] [PACMAN] starting core system upgrade
[2021-01-05T16:22:14+0000] [PACMAN] starting full system upgrade
[2021-01-05T16:22:14+0000] [PACMAN] Running 'pacman -S --noconfirm --root /tmp/newmsys/msys64 base'
[2021-01-05T16:26:08+0000] [ALPM] transaction started
[2021-01-05T16:26:08+0000] [ALPM] installed bash (5.1.004-1)
[2021-01-05T16:26:09+0000] [ALPM] installed bash-completion (2.11-1)
[2021-01-05T16:26:09+0000] [ALPM] installed gcc-libs (10.2.0-1)
[2021-01-05T16:26:09+0000] [ALPM] installed libbz2 (1.0.8-2)
[2021-01-05T16:26:09+0000] [ALPM] installed libintl (0.19.8.1-1)
[2021-01-05T16:26:09+0000] [ALPM] installed libiconv (1.16-2)
[2021-01-05T16:26:09+0000] [ALPM] installed libexpat (2.2.10-1)
[2021-01-05T16:26:09+0000] [ALPM] installed libgettextpo (0.19.8.1-1)
[2021-01-05T16:26:09+0000] [ALPM] installed libasprintf (0.19.8.1-1)
[2021-01-05T16:26:10+0000] [ALPM] installed gettext (0.19.8.1-1)
[2021-01-05T16:26:10+0000] [ALPM] installed liblzma (5.2.5-1)
[2021-01-05T16:26:10+0000] [ALPM] installed liblz4 (1.9.3-1)
[2021-01-05T16:26:10+0000] [ALPM] installed gmp (6.2.1-1)
[2021-01-05T16:26:10+0000] [ALPM] installed libhogweed (3.6-1)
[2021-01-05T16:26:10+0000] [ALPM] installed libnettle (3.6-1)
[2021-01-05T16:26:10+0000] [ALPM] installed coreutils (8.32-1)
[2021-01-05T16:26:11+0000] [ALPM] installed icu (67.1-1)
[2021-01-05T16:26:11+0000] [ALPM] installed msys2-runtime (3.1.7-4)
[2021-01-05T16:26:19+0000] [ALPM] installed ncurses (6.2-1)
[2021-01-05T16:26:19+0000] [ALPM] installed libreadline (8.1.0-1)
[2021-01-05T16:26:19+0000] [ALPM] installed zlib (1.2.11-1)
[2021-01-05T16:26:19+0000] [ALPM] installed libxml2 (2.9.10-6)
[2021-01-05T16:26:19+0000] [ALPM] installed libzstd (1.4.8-1)
[2021-01-05T16:26:19+0000] [ALPM] installed bsdtar (3.5.0-1)
[2021-01-05T16:26:19+0000] [ALPM] installed bzip2 (1.0.8-2)
[2021-01-05T16:26:19+0000] [ALPM] installed libopenssl (1.1.1.i-1)
[2021-01-05T16:26:19+0000] [ALPM] installed openssl (1.1.1.i-1)
[2021-01-05T16:26:20+0000] [ALPM] installed findutils (4.7.0-1)
[2021-01-05T16:26:20+0000] [ALPM] installed sed (4.8-1)
[2021-01-05T16:26:20+0000] [ALPM] installed libffi (3.3-1)
[2021-01-05T16:26:20+0000] [ALPM] installed libpcre (8.44-1)
[2021-01-05T16:26:20+0000] [ALPM] installed less (563-2)
[2021-01-05T16:26:20+0000] [ALPM] installed gzip (1.10-1)
[2021-01-05T16:26:20+0000] [ALPM] installed libcrypt (2.1-2)
[2021-01-05T16:26:20+0000] [ALPM] installed info (6.7-3)
[2021-01-05T16:26:20+0000] [ALPM] installed libtasn1 (4.16.0-1)
[2021-01-05T16:26:20+0000] [ALPM] installed libgpg-error (1.39-1)
[2021-01-05T16:26:20+0000] [ALPM] installed libgcrypt (1.8.7-1)
[2021-01-05T16:26:20+0000] [ALPM] installed libxslt (1.1.34-3)
[2021-01-05T16:26:21+0000] [ALPM] installed glib2 (2.66.4-1)
[2021-01-05T16:26:21+0000] [ALPM] installed libp11-kit (0.23.21-1)
[2021-01-05T16:26:21+0000] [ALPM] installed p11-kit (0.23.21-1)
[2021-01-05T16:26:21+0000] [ALPM] installed ca-certificates (20190110-1)
[2021-01-05T16:26:21+0000] [ALPM] installed brotli (1.0.9-1)
[2021-01-05T16:26:22+0000] [ALPM] installed libdb (5.3.28-3)
[2021-01-05T16:26:22+0000] [ALPM] installed libedit (20191231_3.1-2)
[2021-01-05T16:26:24+0000] [ALPM] installed tcl (8.6.10-1)
[2021-01-05T16:26:24+0000] [ALPM] installed libsqlite (3.34.0-1)
[2021-01-05T16:26:24+0000] [ALPM] installed heimdal-libs (7.7.0-2)
[2021-01-05T16:26:24+0000] [ALPM] installed libunistring (0.9.10-1)
[2021-01-05T16:26:24+0000] [ALPM] installed libidn2 (2.3.0-1)
[2021-01-05T16:26:24+0000] [ALPM] installed libmetalink (0.1.3-3)
[2021-01-05T16:26:24+0000] [ALPM] installed libnghttp2 (1.41.0-1)
[2021-01-05T16:26:24+0000] [ALPM] installed libpsl (0.21.1-2)
[2021-01-05T16:26:24+0000] [ALPM] installed libssh2 (1.9.0-1)
[2021-01-05T16:26:24+0000] [ALPM] installed libcurl (7.74.0-4)
[2021-01-05T16:26:25+0000] [ALPM] installed curl (7.74.0-4)
[2021-01-05T16:26:25+0000] [ALPM] installed grep (3.0-2)
[2021-01-05T16:26:25+0000] [ALPM] installed filesystem (2021.01-1)
[2021-01-05T16:26:25+0000] [ALPM] installed dash (0.5.11.2-1)
[2021-01-05T16:26:25+0000] [ALPM] installed file (5.39-2)
[2021-01-05T16:26:25+0000] [ALPM] installed mpfr (4.1.0-1)
[2021-01-05T16:26:26+0000] [ALPM] installed gawk (5.1.0-1)
[2021-01-05T16:26:26+0000] [ALPM] installed libargp (20110921-2)
[2021-01-05T16:26:26+0000] [ALPM] installed getent (2.18.90-2)
[2021-01-05T16:26:26+0000] [ALPM] installed tftp-hpa (5.2-3)
[2021-01-05T16:26:26+0000] [ALPM] installed inetutils (1.9.4-2)
[2021-01-05T16:26:26+0000] [ALPM] installed mintty (1~3.4.4-1)
[2021-01-05T16:26:26+0000] [ALPM] installed msys2-keyring (1~20201002-1)
[2021-01-05T16:26:26+0000] [ALPM] installed msys2-launcher (1.0-1)
[2021-01-05T16:26:27+0000] [ALPM] installed nano (5.4-1)
[2021-01-05T16:26:27+0000] [ALPM] installed libassuan (2.5.4-1)
[2021-01-05T16:26:27+0000] [ALPM] installed libgnutls (3.7.0-1)
[2021-01-05T16:26:27+0000] [ALPM] installed libksba (1.4.0-1)
[2021-01-05T16:26:27+0000] [ALPM] installed libnpth (1.6-1)
[2021-01-05T16:26:27+0000] [ALPM] installed nettle (3.6-1)
[2021-01-05T16:26:27+0000] [ALPM] installed pinentry (1.1.0-2)
[2021-01-05T16:26:28+0000] [ALPM] installed gnupg (2.2.25-1)
[2021-01-05T16:26:28+0000] [ALPM] installed pacman-mirrors (20201208-1)
[2021-01-05T16:26:28+0000] [ALPM] installed which (2.21-2)
[2021-01-05T16:26:28+0000] [ALPM] installed xz (5.2.5-1)
[2021-01-05T16:26:28+0000] [ALPM] installed zstd (1.4.8-1)
[2021-01-05T16:26:29+0000] [ALPM] installed pacman (5.2.2-9)
[2021-01-05T16:26:29+0000] [ALPM] installed db (5.3.28-3)
[2021-01-05T16:26:29+0000] [ALPM] installed libgdbm (1.18.1-3)
[2021-01-05T16:26:29+0000] [ALPM] installed gdbm (1.18.1-3)
[2021-01-05T16:26:32+0000] [ALPM] installed perl (5.32.0-2)
[2021-01-05T16:26:33+0000] [ALPM] installed pacman-contrib (1.4.0-1)
[2021-01-05T16:26:33+0000] [ALPM] installed rebase (4.4.4-2)
[2021-01-05T16:26:33+0000] [ALPM] installed time (1.9-1)
[2021-01-05T16:26:36+0000] [ALPM] installed tzcode (2020d-1)
[2021-01-05T16:26:36+0000] [ALPM] installed libutil-linux (2.35.2-1)
[2021-01-05T16:26:36+0000] [ALPM] installed util-linux (2.35.2-1)
[2021-01-05T16:26:36+0000] [ALPM] installed libgpgme (1.15.0-1)
[2021-01-05T16:26:36+0000] [ALPM] installed libpcre2_8 (10.36-1)
[2021-01-05T16:26:36+0000] [ALPM] installed wget (1.20.3-1)
[2021-01-05T16:26:36+0000] [ALPM] installed base (2020.12-1)
[2021-01-05T16:26:36+0000] [ALPM] transaction completed
[2021-01-05T16:26:36+0000] [ALPM] running 'texinfo-install.hook'...
[2021-01-30T14:46:04+0530] [PACMAN] Running 'pacman -Syu'
[2021-01-30T14:46:04+0530] [PACMAN] synchronizing package lists
[2021-01-30T14:46:20+0530] [PACMAN] starting core system upgrade
[2021-01-30T14:46:20+0530] [PACMAN] starting full system upgrade
[2021-01-30T14:48:32+0530] [ALPM] transaction started
[2021-01-30T14:48:32+0530] [ALPM] upgraded libhogweed (3.6-1 -> 3.7-1)
[2021-01-30T14:48:32+0530] [ALPM] upgraded libnettle (3.6-1 -> 3.7-1)
[2021-01-30T14:48:32+0530] [ALPM] upgraded icu (67.1-1 -> 68.2-1)
[2021-01-30T14:48:32+0530] [ALPM] upgraded libxml2 (2.9.10-6 -> 2.9.10-7)
[2021-01-30T14:48:32+0530] [ALPM] upgraded bsdtar (3.5.0-1 -> 3.5.1-1)
[2021-01-30T14:48:32+0530] [ALPM] upgraded dash (0.5.11.2-1 -> 0.5.11.3-1)
[2021-01-30T14:48:33+0530] [ALPM] upgraded libgdbm (1.18.1-3 -> 1.19-1)
[2021-01-30T14:48:33+0530] [ALPM] upgraded gdbm (1.18.1-3 -> 1.19-1)
[2021-01-30T14:48:33+0530] [ALPM] upgraded libgpg-error (1.39-1 -> 1.41-2)
[2021-01-30T14:48:34+0530] [ALPM] upgraded glib2 (2.66.4-1 -> 2.66.4-2)
[2021-01-30T14:48:34+0530] [ALPM] upgraded nettle (3.6-1 -> 3.7-1)
[2021-01-30T14:48:34+0530] [ALPM] upgraded libp11-kit (0.23.21-1 -> 0.23.22-2)
[2021-01-30T14:48:35+0530] [ALPM] upgraded p11-kit (0.23.21-1 -> 0.23.22-2)
[2021-01-30T14:48:36+0530] [ALPM] upgraded gnupg (2.2.25-1 -> 2.2.27-1)
[2021-01-30T14:48:40+0530] [ALPM-SCRIPTLET] ==> Appending keys from msys2.gpg...
[2021-01-30T14:48:40+0530] [ALPM-SCRIPTLET] gpg: WARNING: server 'gpg-agent' is older than us (2.2.25-unknown < 2.2.27-unknown)
[2021-01-30T14:48:40+0530] [ALPM-SCRIPTLET] ==> Locally signing trusted keys in keyring...
[2021-01-30T14:48:40+0530] [ALPM-SCRIPTLET]   -> Locally signing key 123D4D51A1793859C2BE916BBBE514E53E0D0813...
[2021-01-30T14:48:40+0530] [ALPM-SCRIPTLET]   -> Locally signing key B91BCF3303284BF90CC043CA9F418C233E652008...
[2021-01-30T14:48:40+0530] [ALPM-SCRIPTLET]   -> Locally signing key 6E8FEAFF9644F54EED90EEA0790AE56A1D3CFDDC...
[2021-01-30T14:48:40+0530] [ALPM-SCRIPTLET]   -> Locally signing key 69985C5EB351011C78DF7F6D755B8182ACD22879...
[2021-01-30T14:48:40+0530] [ALPM-SCRIPTLET]   -> Locally signing key 9DD0D4217D75A33B896159E6DA7EF2ABAEEA755C...
[2021-01-30T14:48:40+0530] [ALPM-SCRIPTLET]   -> Locally signing key D55E7A6D7CE9BA1587C0ACACF40D263ECA25678A...
[2021-01-30T14:48:40+0530] [ALPM-SCRIPTLET] ==> Importing owner trust values...
[2021-01-30T14:48:40+0530] [ALPM-SCRIPTLET] ==> Disabling revoked keys in keyring...
[2021-01-30T14:48:40+0530] [ALPM-SCRIPTLET]   -> Disabling key B19514FB53EB3668471B296E794DCF97F93FC717...
[2021-01-30T14:48:40+0530] [ALPM-SCRIPTLET] ==> Updating trust database...
[2021-01-30T14:48:40+0530] [ALPM-SCRIPTLET] gpg: next trustdb check due at 2022-01-23
[2021-01-30T14:48:41+0530] [ALPM] upgraded libgpgme (1.15.0-1 -> 1.15.1-1)
[2021-01-30T14:48:41+0530] [ALPM] upgraded msys2-keyring (1~20201002-1 -> 1~20210123-1)
[2021-01-30T14:48:41+0530] [ALPM-SCRIPTLET] ==> Appending keys from msys2.gpg...
[2021-01-30T14:48:41+0530] [ALPM-SCRIPTLET] gpg: WARNING: server 'gpg-agent' is older than us (2.2.25-unknown < 2.2.27-unknown)
[2021-01-30T14:48:41+0530] [ALPM-SCRIPTLET] ==> Locally signing trusted keys in keyring...
[2021-01-30T14:48:41+0530] [ALPM-SCRIPTLET]   -> Locally signing key 123D4D51A1793859C2BE916BBBE514E53E0D0813...
[2021-01-30T14:48:41+0530] [ALPM-SCRIPTLET]   -> Locally signing key B91BCF3303284BF90CC043CA9F418C233E652008...
[2021-01-30T14:48:41+0530] [ALPM-SCRIPTLET]   -> Locally signing key 6E8FEAFF9644F54EED90EEA0790AE56A1D3CFDDC...
[2021-01-30T14:48:41+0530] [ALPM-SCRIPTLET]   -> Locally signing key 69985C5EB351011C78DF7F6D755B8182ACD22879...
[2021-01-30T14:48:41+0530] [ALPM-SCRIPTLET]   -> Locally signing key 9DD0D4217D75A33B896159E6DA7EF2ABAEEA755C...
[2021-01-30T14:48:41+0530] [ALPM-SCRIPTLET]   -> Locally signing key D55E7A6D7CE9BA1587C0ACACF40D263ECA25678A...
[2021-01-30T14:48:41+0530] [ALPM-SCRIPTLET] ==> Importing owner trust values...
[2021-01-30T14:48:41+0530] [ALPM-SCRIPTLET] ==> Disabling revoked keys in keyring...
[2021-01-30T14:48:41+0530] [ALPM-SCRIPTLET]   -> Disabling key B19514FB53EB3668471B296E794DCF97F93FC717...
[2021-01-30T14:48:41+0530] [ALPM-SCRIPTLET] ==> Updating trust database...
[2021-01-30T14:48:42+0530] [ALPM-SCRIPTLET] gpg: next trustdb check due at 2022-01-23
[2021-01-30T14:48:47+0530] [ALPM] upgraded tzcode (2020d-1 -> 2020f-1)
[2021-01-30T14:48:47+0530] [ALPM] upgraded wget (1.20.3-1 -> 1.21.1-2)
[2021-01-30T14:48:47+0530] [ALPM] transaction completed
[2021-01-30T14:48:47+0530] [ALPM] running 'texinfo-install.hook'...
[2021-01-30T14:49:03+0530] [PACMAN] Running 'pacman -Su'
[2021-01-30T14:49:03+0530] [PACMAN] starting core system upgrade
[2021-01-30T14:49:04+0530] [PACMAN] starting full system upgrade
[2021-01-30T14:51:10+0530] [PACMAN] Running 'pacman -S --needed base-devel mingw-w64-x86_64-toolchain'
[2021-01-30T15:00:38+0530] [PACMAN] Running 'pacman -S mingw64/mingw-w64-x86_64-gcc'
[2021-01-30T15:05:11+0530] [ALPM] transaction started
[2021-01-30T15:05:11+0530] [ALPM] installed mingw-w64-x86_64-libiconv (1.16-2)
[2021-01-30T15:05:11+0530] [ALPM] installed mingw-w64-x86_64-zlib (1.2.11-9)
[2021-01-30T15:05:13+0530] [ALPM] installed mingw-w64-x86_64-binutils (2.35.1-3)
[2021-01-30T15:05:21+0530] [ALPM] installed mingw-w64-x86_64-headers-git (9.0.0.6090.ad98746a-1)
[2021-01-30T15:05:25+0530] [ALPM] installed mingw-w64-x86_64-crt-git (9.0.0.6090.ad98746a-1)
[2021-01-30T15:05:25+0530] [ALPM] installed mingw-w64-x86_64-isl (0.23-1)
[2021-01-30T15:05:25+0530] [ALPM] installed mingw-w64-x86_64-gmp (6.2.1-1)
[2021-01-30T15:05:25+0530] [ALPM] installed mingw-w64-x86_64-mpfr (4.1.0-3)
[2021-01-30T15:05:25+0530] [ALPM] installed mingw-w64-x86_64-mpc (1.2.1-1)
[2021-01-30T15:05:25+0530] [ALPM] installed mingw-w64-x86_64-libwinpthread-git (9.0.0.6090.ad98746a-1)
[2021-01-30T15:05:25+0530] [ALPM] installed mingw-w64-x86_64-gcc-libs (10.2.0-6)
[2021-01-30T15:05:25+0530] [ALPM] installed mingw-w64-x86_64-windows-default-manifest (6.4-3)
[2021-01-30T15:05:25+0530] [ALPM] installed mingw-w64-x86_64-winpthreads-git (9.0.0.6090.ad98746a-1)
[2021-01-30T15:05:25+0530] [ALPM] installed mingw-w64-x86_64-zstd (1.4.8-2)
[2021-01-30T15:05:31+0530] [ALPM] installed mingw-w64-x86_64-gcc (10.2.0-6)
[2021-01-30T15:05:31+0530] [ALPM] transaction completed
[2021-01-30T15:11:43+0530] [PACMAN] Running 'pacman -S mingw64/mingw-w64-x86_64-gdb'
[2021-01-30T15:16:43+0530] [ALPM] transaction started
[2021-01-30T15:16:43+0530] [ALPM] installed mingw-w64-x86_64-expat (2.2.10-1)
[2021-01-30T15:16:51+0530] [ALPM] installed mingw-w64-x86_64-gettext (0.19.8.1-10)
[2021-01-30T15:16:51+0530] [ALPM] installed mingw-w64-x86_64-libtre-git (r128.6fb7206-2)
[2021-01-30T15:16:51+0530] [ALPM] installed mingw-w64-x86_64-libsystre (1.0.1-4)
[2021-01-30T15:17:08+0530] [ALPM] installed mingw-w64-x86_64-ncurses (6.2-2)
[2021-01-30T15:17:08+0530] [ALPM] installed mingw-w64-x86_64-bzip2 (1.0.8-2)
[2021-01-30T15:17:08+0530] [ALPM] installed mingw-w64-x86_64-libffi (3.3-3)
[2021-01-30T15:17:08+0530] [ALPM] installed mingw-w64-x86_64-mpdecimal (2.5.0-1)
[2021-01-30T15:17:08+0530] [ALPM] installed mingw-w64-x86_64-libtasn1 (4.16.0-1)
[2021-01-30T15:17:08+0530] [ALPM] installed mingw-w64-x86_64-p11-kit (0.23.22-1)
[2021-01-30T15:17:09+0530] [ALPM] installed mingw-w64-x86_64-ca-certificates (20200601-2)
[2021-01-30T15:17:09+0530] [ALPM-SCRIPTLET] p11-kit: 'Education/vs' is not a valid command. See 'BML --help'
[2021-01-30T15:17:09+0530] [ALPM-SCRIPTLET] p11-kit: couldn't run trust tool: No error
[2021-01-30T15:17:09+0530] [ALPM-SCRIPTLET] p11-kit: 'Education/vs' is not a valid command. See 'BML --help'
[2021-01-30T15:17:09+0530] [ALPM-SCRIPTLET] p11-kit: couldn't run trust tool: No error
[2021-01-30T15:17:09+0530] [ALPM-SCRIPTLET] p11-kit: 'Education/vs' is not a valid command. See 'BML --help'
[2021-01-30T15:17:09+0530] [ALPM-SCRIPTLET] p11-kit: couldn't run trust tool: No error
[2021-01-30T15:17:09+0530] [ALPM-SCRIPTLET] p11-kit: 'Education/vs' is not a valid command. See 'BML --help'
[2021-01-30T15:17:09+0530] [ALPM-SCRIPTLET] p11-kit: couldn't run trust tool: No error
[2021-01-30T15:17:09+0530] [ALPM-SCRIPTLET] p11-kit: 'Education/vs' is not a valid command. See 'BML --help'
[2021-01-30T15:17:09+0530] [ALPM-SCRIPTLET] p11-kit: couldn't run trust tool: No error
[2021-01-30T15:17:20+0530] [ALPM] installed mingw-w64-x86_64-openssl (1.1.1.i-1)
[2021-01-30T15:17:20+0530] [ALPM] installed mingw-w64-x86_64-termcap (1.3.1-6)
[2021-01-30T15:17:20+0530] [ALPM] installed mingw-w64-x86_64-readline (8.0.004-2)
[2021-01-30T15:17:27+0530] [ALPM] installed mingw-w64-x86_64-tcl (8.6.11-2)
[2021-01-30T15:17:29+0530] [ALPM] installed mingw-w64-x86_64-sqlite3 (3.34.1-1)
[2021-01-30T15:17:31+0530] [ALPM] installed mingw-w64-x86_64-tk (8.6.11.1-1)
[2021-01-30T15:17:31+0530] [ALPM] installed mingw-w64-x86_64-xz (5.2.5-2)
[2021-01-30T15:18:06+0530] [ALPM] installed mingw-w64-x86_64-python (3.8.7-3)
[2021-01-30T15:18:06+0530] [ALPM] installed mingw-w64-x86_64-xxhash (0.8.0-1)
[2021-01-30T15:18:06+0530] [ALPM] installed mingw-w64-x86_64-gdb (10.1-2)
[2021-01-30T15:18:06+0530] [ALPM] transaction completed
[2021-01-30T18:29:02+0530] [PACMAN] Running 'pacman -Syu'
[2021-01-30T18:29:02+0530] [PACMAN] synchronizing package lists
[2021-01-30T18:29:08+0530] [PACMAN] starting core system upgrade
[2021-01-30T18:29:08+0530] [PACMAN] starting full system upgrade
[2021-01-30T18:31:28+0530] [PACMAN] Running 'pacman -Su'
[2021-01-30T18:31:28+0530] [PACMAN] starting core system upgrade
[2021-01-30T18:31:29+0530] [PACMAN] starting full system upgrade
[2021-01-30T18:36:21+0530] [PACMAN] Running 'pacman -S mingw64/mingw-w64-x86_64-gcc'
[2021-01-30T18:36:35+0530] [ALPM] transaction started
[2021-01-30T18:36:40+0530] [ALPM] reinstalled mingw-w64-x86_64-gcc (10.2.0-6)
[2021-01-30T18:36:40+0530] [ALPM] transaction completed
[2021-01-30T18:39:38+0530] [PACMAN] Running 'pacman -S mingw64/mingw-w64-x86_64-gdb'
[2021-01-30T18:39:43+0530] [ALPM] transaction started
[2021-01-30T18:39:43+0530] [ALPM] reinstalled mingw-w64-x86_64-gdb (10.1-2)
[2021-01-30T18:39:43+0530] [ALPM] transaction completed
